[2018-11-26T11:25:50.681] [INFO] log_file - { Error: ER_PARSE_ERROR: You have an error in your SQL syntax; check the manual that corresponds to your MySQL server version for the right syntax to use near '5' at line 1
    at Query.Sequence._packetToError (D:\wx_demo\server\node_modules\mysql\lib\protocol\sequences\Sequence.js:47:14)
    at Query.ErrorPacket (D:\wx_demo\server\node_modules\mysql\lib\protocol\sequences\Query.js:77:18)
    at Protocol._parsePacket (D:\wx_demo\server\node_modules\mysql\lib\protocol\Protocol.js:278:23)
    at Parser.write (D:\wx_demo\server\node_modules\mysql\lib\protocol\Parser.js:76:12)
    at Protocol.write (D:\wx_demo\server\node_modules\mysql\lib\protocol\Protocol.js:38:16)
    at Socket.<anonymous> (D:\wx_demo\server\node_modules\mysql\lib\Connection.js:91:28)
    at Socket.<anonymous> (D:\wx_demo\server\node_modules\mysql\lib\Connection.js:502:10)
    at emitOne (events.js:116:13)
    at Socket.emit (events.js:211:7)
    at addChunk (_stream_readable.js:263:12)
    --------------------
    at Protocol._enqueue (D:\wx_demo\server\node_modules\mysql\lib\protocol\Protocol.js:144:48)
    at PoolConnection.query (D:\wx_demo\server\node_modules\mysql\lib\Connection.js:200:25)
    at D:\wx_demo\server\app.js:113:12
    at Ping.onOperationComplete (D:\wx_demo\server\node_modules\mysql\lib\Pool.js:110:5)
    at Ping.<anonymous> (D:\wx_demo\server\node_modules\mysql\lib\Connection.js:502:10)
    at Ping._callback (D:\wx_demo\server\node_modules\mysql\lib\Connection.js:468:16)
    at Ping.Sequence.end (D:\wx_demo\server\node_modules\mysql\lib\protocol\sequences\Sequence.js:83:24)
    at Ping.Sequence.OkPacket (D:\wx_demo\server\node_modules\mysql\lib\protocol\sequences\Sequence.js:92:8)
    at Protocol._parsePacket (D:\wx_demo\server\node_modules\mysql\lib\protocol\Protocol.js:278:23)
    at Parser.write (D:\wx_demo\server\node_modules\mysql\lib\protocol\Parser.js:76:12)
  code: 'ER_PARSE_ERROR',
  errno: 1064,
  sqlMessage: 'You have an error in your SQL syntax; check the manual that corresponds to your MySQL server version for the right syntax to use near \'5\' at line 1',
  sqlState: '42000',
  index: 0,
  sql: 'SELECT * FROM chat_record limit5,5' }
[2018-11-26T11:34:03.478] [INFO] log_file - { Error: ER_SP_UNDECLARED_VAR: Undeclared variable: NaN
    at Query.Sequence._packetToError (D:\wx_demo\server\node_modules\mysql\lib\protocol\sequences\Sequence.js:47:14)
    at Query.ErrorPacket (D:\wx_demo\server\node_modules\mysql\lib\protocol\sequences\Query.js:77:18)
    at Protocol._parsePacket (D:\wx_demo\server\node_modules\mysql\lib\protocol\Protocol.js:278:23)
    at Parser.write (D:\wx_demo\server\node_modules\mysql\lib\protocol\Parser.js:76:12)
    at Protocol.write (D:\wx_demo\server\node_modules\mysql\lib\protocol\Protocol.js:38:16)
    at Socket.<anonymous> (D:\wx_demo\server\node_modules\mysql\lib\Connection.js:91:28)
    at Socket.<anonymous> (D:\wx_demo\server\node_modules\mysql\lib\Connection.js:502:10)
    at emitOne (events.js:116:13)
    at Socket.emit (events.js:211:7)
    at addChunk (_stream_readable.js:263:12)
    --------------------
    at Protocol._enqueue (D:\wx_demo\server\node_modules\mysql\lib\protocol\Protocol.js:144:48)
    at PoolConnection.query (D:\wx_demo\server\node_modules\mysql\lib\Connection.js:200:25)
    at D:\wx_demo\server\app.js:113:12
    at Ping.onOperationComplete (D:\wx_demo\server\node_modules\mysql\lib\Pool.js:110:5)
    at Ping.<anonymous> (D:\wx_demo\server\node_modules\mysql\lib\Connection.js:502:10)
    at Ping._callback (D:\wx_demo\server\node_modules\mysql\lib\Connection.js:468:16)
    at Ping.Sequence.end (D:\wx_demo\server\node_modules\mysql\lib\protocol\sequences\Sequence.js:83:24)
    at Ping.Sequence.OkPacket (D:\wx_demo\server\node_modules\mysql\lib\protocol\sequences\Sequence.js:92:8)
    at Protocol._parsePacket (D:\wx_demo\server\node_modules\mysql\lib\protocol\Protocol.js:278:23)
    at Parser.write (D:\wx_demo\server\node_modules\mysql\lib\protocol\Parser.js:76:12)
  code: 'ER_SP_UNDECLARED_VAR',
  errno: 1327,
  sqlMessage: 'Undeclared variable: NaN',
  sqlState: '42000',
  index: 0,
  sql: 'SELECT * FROM chat_record limit NaN,5' }
[2018-11-26T11:34:05.120] [INFO] log_file - { Error: ER_SP_UNDECLARED_VAR: Undeclared variable: NaN
    at Query.Sequence._packetToError (D:\wx_demo\server\node_modules\mysql\lib\protocol\sequences\Sequence.js:47:14)
    at Query.ErrorPacket (D:\wx_demo\server\node_modules\mysql\lib\protocol\sequences\Query.js:77:18)
    at Protocol._parsePacket (D:\wx_demo\server\node_modules\mysql\lib\protocol\Protocol.js:278:23)
    at Parser.write (D:\wx_demo\server\node_modules\mysql\lib\protocol\Parser.js:76:12)
    at Protocol.write (D:\wx_demo\server\node_modules\mysql\lib\protocol\Protocol.js:38:16)
    at Socket.<anonymous> (D:\wx_demo\server\node_modules\mysql\lib\Connection.js:91:28)
    at Socket.<anonymous> (D:\wx_demo\server\node_modules\mysql\lib\Connection.js:502:10)
    at emitOne (events.js:116:13)
    at Socket.emit (events.js:211:7)
    at addChunk (_stream_readable.js:263:12)
    --------------------
    at Protocol._enqueue (D:\wx_demo\server\node_modules\mysql\lib\protocol\Protocol.js:144:48)
    at PoolConnection.query (D:\wx_demo\server\node_modules\mysql\lib\Connection.js:200:25)
    at D:\wx_demo\server\app.js:113:12
    at Ping.onOperationComplete (D:\wx_demo\server\node_modules\mysql\lib\Pool.js:110:5)
    at Ping.<anonymous> (D:\wx_demo\server\node_modules\mysql\lib\Connection.js:502:10)
    at Ping._callback (D:\wx_demo\server\node_modules\mysql\lib\Connection.js:468:16)
    at Ping.Sequence.end (D:\wx_demo\server\node_modules\mysql\lib\protocol\sequences\Sequence.js:83:24)
    at Ping.Sequence.OkPacket (D:\wx_demo\server\node_modules\mysql\lib\protocol\sequences\Sequence.js:92:8)
    at Protocol._parsePacket (D:\wx_demo\server\node_modules\mysql\lib\protocol\Protocol.js:278:23)
    at Parser.write (D:\wx_demo\server\node_modules\mysql\lib\protocol\Parser.js:76:12)
  code: 'ER_SP_UNDECLARED_VAR',
  errno: 1327,
  sqlMessage: 'Undeclared variable: NaN',
  sqlState: '42000',
  index: 0,
  sql: 'SELECT * FROM chat_record limit NaN,5' }
[2018-11-26T11:34:08.405] [INFO] log_file - { Error: ER_SP_UNDECLARED_VAR: Undeclared variable: NaN
    at Query.Sequence._packetToError (D:\wx_demo\server\node_modules\mysql\lib\protocol\sequences\Sequence.js:47:14)
    at Query.ErrorPacket (D:\wx_demo\server\node_modules\mysql\lib\protocol\sequences\Query.js:77:18)
    at Protocol._parsePacket (D:\wx_demo\server\node_modules\mysql\lib\protocol\Protocol.js:278:23)
    at Parser.write (D:\wx_demo\server\node_modules\mysql\lib\protocol\Parser.js:76:12)
    at Protocol.write (D:\wx_demo\server\node_modules\mysql\lib\protocol\Protocol.js:38:16)
    at Socket.<anonymous> (D:\wx_demo\server\node_modules\mysql\lib\Connection.js:91:28)
    at Socket.<anonymous> (D:\wx_demo\server\node_modules\mysql\lib\Connection.js:502:10)
    at emitOne (events.js:116:13)
    at Socket.emit (events.js:211:7)
    at addChunk (_stream_readable.js:263:12)
    --------------------
    at Protocol._enqueue (D:\wx_demo\server\node_modules\mysql\lib\protocol\Protocol.js:144:48)
    at PoolConnection.query (D:\wx_demo\server\node_modules\mysql\lib\Connection.js:200:25)
    at D:\wx_demo\server\app.js:113:12
    at Ping.onOperationComplete (D:\wx_demo\server\node_modules\mysql\lib\Pool.js:110:5)
    at Ping.<anonymous> (D:\wx_demo\server\node_modules\mysql\lib\Connection.js:502:10)
    at Ping._callback (D:\wx_demo\server\node_modules\mysql\lib\Connection.js:468:16)
    at Ping.Sequence.end (D:\wx_demo\server\node_modules\mysql\lib\protocol\sequences\Sequence.js:83:24)
    at Ping.Sequence.OkPacket (D:\wx_demo\server\node_modules\mysql\lib\protocol\sequences\Sequence.js:92:8)
    at Protocol._parsePacket (D:\wx_demo\server\node_modules\mysql\lib\protocol\Protocol.js:278:23)
    at Parser.write (D:\wx_demo\server\node_modules\mysql\lib\protocol\Parser.js:76:12)
  code: 'ER_SP_UNDECLARED_VAR',
  errno: 1327,
  sqlMessage: 'Undeclared variable: NaN',
  sqlState: '42000',
  index: 0,
  sql: 'SELECT * FROM chat_record limit NaN,5' }
[2018-11-26T11:34:54.152] [INFO] log_file - { Error: ER_SP_UNDECLARED_VAR: Undeclared variable: NaN
    at Query.Sequence._packetToError (D:\wx_demo\server\node_modules\mysql\lib\protocol\sequences\Sequence.js:47:14)
    at Query.ErrorPacket (D:\wx_demo\server\node_modules\mysql\lib\protocol\sequences\Query.js:77:18)
    at Protocol._parsePacket (D:\wx_demo\server\node_modules\mysql\lib\protocol\Protocol.js:278:23)
    at Parser.write (D:\wx_demo\server\node_modules\mysql\lib\protocol\Parser.js:76:12)
    at Protocol.write (D:\wx_demo\server\node_modules\mysql\lib\protocol\Protocol.js:38:16)
    at Socket.<anonymous> (D:\wx_demo\server\node_modules\mysql\lib\Connection.js:91:28)
    at Socket.<anonymous> (D:\wx_demo\server\node_modules\mysql\lib\Connection.js:502:10)
    at emitOne (events.js:116:13)
    at Socket.emit (events.js:211:7)
    at addChunk (_stream_readable.js:263:12)
    --------------------
    at Protocol._enqueue (D:\wx_demo\server\node_modules\mysql\lib\protocol\Protocol.js:144:48)
    at PoolConnection.query (D:\wx_demo\server\node_modules\mysql\lib\Connection.js:200:25)
    at D:\wx_demo\server\app.js:113:12
    at Ping.onOperationComplete (D:\wx_demo\server\node_modules\mysql\lib\Pool.js:110:5)
    at Ping.<anonymous> (D:\wx_demo\server\node_modules\mysql\lib\Connection.js:502:10)
    at Ping._callback (D:\wx_demo\server\node_modules\mysql\lib\Connection.js:468:16)
    at Ping.Sequence.end (D:\wx_demo\server\node_modules\mysql\lib\protocol\sequences\Sequence.js:83:24)
    at Ping.Sequence.OkPacket (D:\wx_demo\server\node_modules\mysql\lib\protocol\sequences\Sequence.js:92:8)
    at Protocol._parsePacket (D:\wx_demo\server\node_modules\mysql\lib\protocol\Protocol.js:278:23)
    at Parser.write (D:\wx_demo\server\node_modules\mysql\lib\protocol\Parser.js:76:12)
  code: 'ER_SP_UNDECLARED_VAR',
  errno: 1327,
  sqlMessage: 'Undeclared variable: NaN',
  sqlState: '42000',
  index: 0,
  sql: 'SELECT * FROM chat_record limit NaN,5' }
[2018-11-26T11:54:53.423] [INFO] log_file - { Error: ER_PARSE_ERROR: You have an error in your SQL syntax; check the manual that corresponds to your MySQL server version for the right syntax to use near 'ACS limit 0,5' at line 1
    at Query.Sequence._packetToError (D:\wx_demo\server\node_modules\mysql\lib\protocol\sequences\Sequence.js:47:14)
    at Query.ErrorPacket (D:\wx_demo\server\node_modules\mysql\lib\protocol\sequences\Query.js:77:18)
    at Protocol._parsePacket (D:\wx_demo\server\node_modules\mysql\lib\protocol\Protocol.js:278:23)
    at Parser.write (D:\wx_demo\server\node_modules\mysql\lib\protocol\Parser.js:76:12)
    at Protocol.write (D:\wx_demo\server\node_modules\mysql\lib\protocol\Protocol.js:38:16)
    at Socket.<anonymous> (D:\wx_demo\server\node_modules\mysql\lib\Connection.js:91:28)
    at Socket.<anonymous> (D:\wx_demo\server\node_modules\mysql\lib\Connection.js:502:10)
    at emitOne (events.js:116:13)
    at Socket.emit (events.js:211:7)
    at addChunk (_stream_readable.js:263:12)
    --------------------
    at Protocol._enqueue (D:\wx_demo\server\node_modules\mysql\lib\protocol\Protocol.js:144:48)
    at PoolConnection.query (D:\wx_demo\server\node_modules\mysql\lib\Connection.js:200:25)
    at D:\wx_demo\server\app.js:113:12
    at Ping.onOperationComplete (D:\wx_demo\server\node_modules\mysql\lib\Pool.js:110:5)
    at Ping.<anonymous> (D:\wx_demo\server\node_modules\mysql\lib\Connection.js:502:10)
    at Ping._callback (D:\wx_demo\server\node_modules\mysql\lib\Connection.js:468:16)
    at Ping.Sequence.end (D:\wx_demo\server\node_modules\mysql\lib\protocol\sequences\Sequence.js:83:24)
    at Ping.Sequence.OkPacket (D:\wx_demo\server\node_modules\mysql\lib\protocol\sequences\Sequence.js:92:8)
    at Protocol._parsePacket (D:\wx_demo\server\node_modules\mysql\lib\protocol\Protocol.js:278:23)
    at Parser.write (D:\wx_demo\server\node_modules\mysql\lib\protocol\Parser.js:76:12)
  code: 'ER_PARSE_ERROR',
  errno: 1064,
  sqlMessage: 'You have an error in your SQL syntax; check the manual that corresponds to your MySQL server version for the right syntax to use near \'ACS limit 0,5\' at line 1',
  sqlState: '42000',
  index: 0,
  sql: 'SELECT * FROM chat_record ORDER BY date ACS limit 0,5' }
[2018-11-26T11:54:54.727] [INFO] log_file - { Error: ER_PARSE_ERROR: You have an error in your SQL syntax; check the manual that corresponds to your MySQL server version for the right syntax to use near 'ACS limit 5,5' at line 1
    at Query.Sequence._packetToError (D:\wx_demo\server\node_modules\mysql\lib\protocol\sequences\Sequence.js:47:14)
    at Query.ErrorPacket (D:\wx_demo\server\node_modules\mysql\lib\protocol\sequences\Query.js:77:18)
    at Protocol._parsePacket (D:\wx_demo\server\node_modules\mysql\lib\protocol\Protocol.js:278:23)
    at Parser.write (D:\wx_demo\server\node_modules\mysql\lib\protocol\Parser.js:76:12)
    at Protocol.write (D:\wx_demo\server\node_modules\mysql\lib\protocol\Protocol.js:38:16)
    at Socket.<anonymous> (D:\wx_demo\server\node_modules\mysql\lib\Connection.js:91:28)
    at Socket.<anonymous> (D:\wx_demo\server\node_modules\mysql\lib\Connection.js:502:10)
    at emitOne (events.js:116:13)
    at Socket.emit (events.js:211:7)
    at addChunk (_stream_readable.js:263:12)
    --------------------
    at Protocol._enqueue (D:\wx_demo\server\node_modules\mysql\lib\protocol\Protocol.js:144:48)
    at PoolConnection.query (D:\wx_demo\server\node_modules\mysql\lib\Connection.js:200:25)
    at D:\wx_demo\server\app.js:113:12
    at Ping.onOperationComplete (D:\wx_demo\server\node_modules\mysql\lib\Pool.js:110:5)
    at Ping.<anonymous> (D:\wx_demo\server\node_modules\mysql\lib\Connection.js:502:10)
    at Ping._callback (D:\wx_demo\server\node_modules\mysql\lib\Connection.js:468:16)
    at Ping.Sequence.end (D:\wx_demo\server\node_modules\mysql\lib\protocol\sequences\Sequence.js:83:24)
    at Ping.Sequence.OkPacket (D:\wx_demo\server\node_modules\mysql\lib\protocol\sequences\Sequence.js:92:8)
    at Protocol._parsePacket (D:\wx_demo\server\node_modules\mysql\lib\protocol\Protocol.js:278:23)
    at Parser.write (D:\wx_demo\server\node_modules\mysql\lib\protocol\Parser.js:76:12)
  code: 'ER_PARSE_ERROR',
  errno: 1064,
  sqlMessage: 'You have an error in your SQL syntax; check the manual that corresponds to your MySQL server version for the right syntax to use near \'ACS limit 5,5\' at line 1',
  sqlState: '42000',
  index: 0,
  sql: 'SELECT * FROM chat_record ORDER BY date ACS limit 5,5' }
[2018-11-26T11:55:19.252] [INFO] log_file - { Error: ER_PARSE_ERROR: You have an error in your SQL syntax; check the manual that corresponds to your MySQL server version for the right syntax to use near 'ACS) limit 0,5' at line 1
    at Query.Sequence._packetToError (D:\wx_demo\server\node_modules\mysql\lib\protocol\sequences\Sequence.js:47:14)
    at Query.ErrorPacket (D:\wx_demo\server\node_modules\mysql\lib\protocol\sequences\Query.js:77:18)
    at Protocol._parsePacket (D:\wx_demo\server\node_modules\mysql\lib\protocol\Protocol.js:278:23)
    at Parser.write (D:\wx_demo\server\node_modules\mysql\lib\protocol\Parser.js:76:12)
    at Protocol.write (D:\wx_demo\server\node_modules\mysql\lib\protocol\Protocol.js:38:16)
    at Socket.<anonymous> (D:\wx_demo\server\node_modules\mysql\lib\Connection.js:91:28)
    at Socket.<anonymous> (D:\wx_demo\server\node_modules\mysql\lib\Connection.js:502:10)
    at emitOne (events.js:116:13)
    at Socket.emit (events.js:211:7)
    at addChunk (_stream_readable.js:263:12)
    --------------------
    at Protocol._enqueue (D:\wx_demo\server\node_modules\mysql\lib\protocol\Protocol.js:144:48)
    at PoolConnection.query (D:\wx_demo\server\node_modules\mysql\lib\Connection.js:200:25)
    at D:\wx_demo\server\app.js:113:12
    at Handshake.onConnect (D:\wx_demo\server\node_modules\mysql\lib\Pool.js:64:7)
    at Handshake.<anonymous> (D:\wx_demo\server\node_modules\mysql\lib\Connection.js:502:10)
    at Handshake._callback (D:\wx_demo\server\node_modules\mysql\lib\Connection.js:468:16)
    at Handshake.Sequence.end (D:\wx_demo\server\node_modules\mysql\lib\protocol\sequences\Sequence.js:83:24)
    at Handshake.Sequence.OkPacket (D:\wx_demo\server\node_modules\mysql\lib\protocol\sequences\Sequence.js:92:8)
    at Protocol._parsePacket (D:\wx_demo\server\node_modules\mysql\lib\protocol\Protocol.js:278:23)
    at Parser.write (D:\wx_demo\server\node_modules\mysql\lib\protocol\Parser.js:76:12)
  code: 'ER_PARSE_ERROR',
  errno: 1064,
  sqlMessage: 'You have an error in your SQL syntax; check the manual that corresponds to your MySQL server version for the right syntax to use near \'ACS) limit 0,5\' at line 1',
  sqlState: '42000',
  index: 0,
  sql: 'SELECT * FROM chat_record ORDER BY(date ACS) limit 0,5' }
[2018-11-26T11:55:56.767] [INFO] log_file - { Error: ER_PARSE_ERROR: You have an error in your SQL syntax; check the manual that corresponds to your MySQL server version for the right syntax to use near 'ACS) limit 0,5' at line 1
    at Query.Sequence._packetToError (D:\wx_demo\server\node_modules\mysql\lib\protocol\sequences\Sequence.js:47:14)
    at Query.ErrorPacket (D:\wx_demo\server\node_modules\mysql\lib\protocol\sequences\Query.js:77:18)
    at Protocol._parsePacket (D:\wx_demo\server\node_modules\mysql\lib\protocol\Protocol.js:278:23)
    at Parser.write (D:\wx_demo\server\node_modules\mysql\lib\protocol\Parser.js:76:12)
    at Protocol.write (D:\wx_demo\server\node_modules\mysql\lib\protocol\Protocol.js:38:16)
    at Socket.<anonymous> (D:\wx_demo\server\node_modules\mysql\lib\Connection.js:91:28)
    at Socket.<anonymous> (D:\wx_demo\server\node_modules\mysql\lib\Connection.js:502:10)
    at emitOne (events.js:116:13)
    at Socket.emit (events.js:211:7)
    at addChunk (_stream_readable.js:263:12)
    --------------------
    at Protocol._enqueue (D:\wx_demo\server\node_modules\mysql\lib\protocol\Protocol.js:144:48)
    at PoolConnection.query (D:\wx_demo\server\node_modules\mysql\lib\Connection.js:200:25)
    at D:\wx_demo\server\app.js:113:12
    at Ping.onOperationComplete (D:\wx_demo\server\node_modules\mysql\lib\Pool.js:110:5)
    at Ping.<anonymous> (D:\wx_demo\server\node_modules\mysql\lib\Connection.js:502:10)
    at Ping._callback (D:\wx_demo\server\node_modules\mysql\lib\Connection.js:468:16)
    at Ping.Sequence.end (D:\wx_demo\server\node_modules\mysql\lib\protocol\sequences\Sequence.js:83:24)
    at Ping.Sequence.OkPacket (D:\wx_demo\server\node_modules\mysql\lib\protocol\sequences\Sequence.js:92:8)
    at Protocol._parsePacket (D:\wx_demo\server\node_modules\mysql\lib\protocol\Protocol.js:278:23)
    at Parser.write (D:\wx_demo\server\node_modules\mysql\lib\protocol\Parser.js:76:12)
  code: 'ER_PARSE_ERROR',
  errno: 1064,
  sqlMessage: 'You have an error in your SQL syntax; check the manual that corresponds to your MySQL server version for the right syntax to use near \'ACS) limit 0,5\' at line 1',
  sqlState: '42000',
  index: 0,
  sql: 'SELECT * FROM chat_record ORDER BY (date ACS) limit 0,5' }
