[2018-12-25T09:16:47.821] [INFO] log_file - { Error: ER_EMPTY_QUERY: Query was empty
    at Query.Sequence._packetToError (D:\wx_demo\server\node_modules\mysql\lib\protocol\sequences\Sequence.js:47:14)
    at Query.ErrorPacket (D:\wx_demo\server\node_modules\mysql\lib\protocol\sequences\Query.js:77:18)
    at Protocol._parsePacket (D:\wx_demo\server\node_modules\mysql\lib\protocol\Protocol.js:278:23)
    at Parser.write (D:\wx_demo\server\node_modules\mysql\lib\protocol\Parser.js:76:12)
    at Protocol.write (D:\wx_demo\server\node_modules\mysql\lib\protocol\Protocol.js:38:16)
    at Socket.<anonymous> (D:\wx_demo\server\node_modules\mysql\lib\Connection.js:91:28)
    at Socket.<anonymous> (D:\wx_demo\server\node_modules\mysql\lib\Connection.js:502:10)
    at emitOne (events.js:116:13)
    at Socket.emit (events.js:211:7)
    at addChunk (_stream_readable.js:263:12)
    --------------------
    at Protocol._enqueue (D:\wx_demo\server\node_modules\mysql\lib\protocol\Protocol.js:144:48)
    at PoolConnection.query (D:\wx_demo\server\node_modules\mysql\lib\Connection.js:200:25)
    at D:\wx_demo\server\app.js:102:12
    at Ping.onOperationComplete (D:\wx_demo\server\node_modules\mysql\lib\Pool.js:110:5)
    at Ping.<anonymous> (D:\wx_demo\server\node_modules\mysql\lib\Connection.js:502:10)
    at Ping._callback (D:\wx_demo\server\node_modules\mysql\lib\Connection.js:468:16)
    at Ping.Sequence.end (D:\wx_demo\server\node_modules\mysql\lib\protocol\sequences\Sequence.js:83:24)
    at Ping.Sequence.OkPacket (D:\wx_demo\server\node_modules\mysql\lib\protocol\sequences\Sequence.js:92:8)
    at Protocol._parsePacket (D:\wx_demo\server\node_modules\mysql\lib\protocol\Protocol.js:278:23)
    at Parser.write (D:\wx_demo\server\node_modules\mysql\lib\protocol\Parser.js:76:12)
  code: 'ER_EMPTY_QUERY',
  errno: 1065,
  sqlMessage: 'Query was empty',
  sqlState: '42000',
  index: 0,
  sql: '' }
[2018-12-25T09:22:06.894] [INFO] log_file - { Error: ER_EMPTY_QUERY: Query was empty
    at Query.Sequence._packetToError (D:\wx_demo\server\node_modules\mysql\lib\protocol\sequences\Sequence.js:47:14)
    at Query.ErrorPacket (D:\wx_demo\server\node_modules\mysql\lib\protocol\sequences\Query.js:77:18)
    at Protocol._parsePacket (D:\wx_demo\server\node_modules\mysql\lib\protocol\Protocol.js:278:23)
    at Parser.write (D:\wx_demo\server\node_modules\mysql\lib\protocol\Parser.js:76:12)
    at Protocol.write (D:\wx_demo\server\node_modules\mysql\lib\protocol\Protocol.js:38:16)
    at Socket.<anonymous> (D:\wx_demo\server\node_modules\mysql\lib\Connection.js:91:28)
    at Socket.<anonymous> (D:\wx_demo\server\node_modules\mysql\lib\Connection.js:502:10)
    at emitOne (events.js:116:13)
    at Socket.emit (events.js:211:7)
    at addChunk (_stream_readable.js:263:12)
    --------------------
    at Protocol._enqueue (D:\wx_demo\server\node_modules\mysql\lib\protocol\Protocol.js:144:48)
    at PoolConnection.query (D:\wx_demo\server\node_modules\mysql\lib\Connection.js:200:25)
    at D:\wx_demo\server\app.js:102:12
    at Ping.onOperationComplete (D:\wx_demo\server\node_modules\mysql\lib\Pool.js:110:5)
    at Ping.<anonymous> (D:\wx_demo\server\node_modules\mysql\lib\Connection.js:502:10)
    at Ping._callback (D:\wx_demo\server\node_modules\mysql\lib\Connection.js:468:16)
    at Ping.Sequence.end (D:\wx_demo\server\node_modules\mysql\lib\protocol\sequences\Sequence.js:83:24)
    at Ping.Sequence.OkPacket (D:\wx_demo\server\node_modules\mysql\lib\protocol\sequences\Sequence.js:92:8)
    at Protocol._parsePacket (D:\wx_demo\server\node_modules\mysql\lib\protocol\Protocol.js:278:23)
    at Parser.write (D:\wx_demo\server\node_modules\mysql\lib\protocol\Parser.js:76:12)
  code: 'ER_EMPTY_QUERY',
  errno: 1065,
  sqlMessage: 'Query was empty',
  sqlState: '42000',
  index: 0,
  sql: '' }
[2018-12-25T10:02:06.688] [INFO] log_file - { Error: ER_EMPTY_QUERY: Query was empty
    at Query.Sequence._packetToError (D:\wx_demo\server\node_modules\mysql\lib\protocol\sequences\Sequence.js:47:14)
    at Query.ErrorPacket (D:\wx_demo\server\node_modules\mysql\lib\protocol\sequences\Query.js:77:18)
    at Protocol._parsePacket (D:\wx_demo\server\node_modules\mysql\lib\protocol\Protocol.js:278:23)
    at Parser.write (D:\wx_demo\server\node_modules\mysql\lib\protocol\Parser.js:76:12)
    at Protocol.write (D:\wx_demo\server\node_modules\mysql\lib\protocol\Protocol.js:38:16)
    at Socket.<anonymous> (D:\wx_demo\server\node_modules\mysql\lib\Connection.js:91:28)
    at Socket.<anonymous> (D:\wx_demo\server\node_modules\mysql\lib\Connection.js:502:10)
    at emitOne (events.js:116:13)
    at Socket.emit (events.js:211:7)
    at addChunk (_stream_readable.js:263:12)
    --------------------
    at Protocol._enqueue (D:\wx_demo\server\node_modules\mysql\lib\protocol\Protocol.js:144:48)
    at PoolConnection.query (D:\wx_demo\server\node_modules\mysql\lib\Connection.js:200:25)
    at D:\wx_demo\server\app.js:102:12
    at Ping.onOperationComplete (D:\wx_demo\server\node_modules\mysql\lib\Pool.js:110:5)
    at Ping.<anonymous> (D:\wx_demo\server\node_modules\mysql\lib\Connection.js:502:10)
    at Ping._callback (D:\wx_demo\server\node_modules\mysql\lib\Connection.js:468:16)
    at Ping.Sequence.end (D:\wx_demo\server\node_modules\mysql\lib\protocol\sequences\Sequence.js:83:24)
    at Ping.Sequence.OkPacket (D:\wx_demo\server\node_modules\mysql\lib\protocol\sequences\Sequence.js:92:8)
    at Protocol._parsePacket (D:\wx_demo\server\node_modules\mysql\lib\protocol\Protocol.js:278:23)
    at Parser.write (D:\wx_demo\server\node_modules\mysql\lib\protocol\Parser.js:76:12)
  code: 'ER_EMPTY_QUERY',
  errno: 1065,
  sqlMessage: 'Query was empty',
  sqlState: '42000',
  index: 0,
  sql: '' }
[2018-12-25T10:29:07.291] [INFO] log_file - { Error: ER_EMPTY_QUERY: Query was empty
    at Query.Sequence._packetToError (D:\wx_demo\server\node_modules\mysql\lib\protocol\sequences\Sequence.js:47:14)
    at Query.ErrorPacket (D:\wx_demo\server\node_modules\mysql\lib\protocol\sequences\Query.js:77:18)
    at Protocol._parsePacket (D:\wx_demo\server\node_modules\mysql\lib\protocol\Protocol.js:278:23)
    at Parser.write (D:\wx_demo\server\node_modules\mysql\lib\protocol\Parser.js:76:12)
    at Protocol.write (D:\wx_demo\server\node_modules\mysql\lib\protocol\Protocol.js:38:16)
    at Socket.<anonymous> (D:\wx_demo\server\node_modules\mysql\lib\Connection.js:91:28)
    at Socket.<anonymous> (D:\wx_demo\server\node_modules\mysql\lib\Connection.js:502:10)
    at emitOne (events.js:116:13)
    at Socket.emit (events.js:211:7)
    at addChunk (_stream_readable.js:263:12)
    --------------------
    at Protocol._enqueue (D:\wx_demo\server\node_modules\mysql\lib\protocol\Protocol.js:144:48)
    at PoolConnection.query (D:\wx_demo\server\node_modules\mysql\lib\Connection.js:200:25)
    at D:\wx_demo\server\app.js:102:12
    at Ping.onOperationComplete (D:\wx_demo\server\node_modules\mysql\lib\Pool.js:110:5)
    at Ping.<anonymous> (D:\wx_demo\server\node_modules\mysql\lib\Connection.js:502:10)
    at Ping._callback (D:\wx_demo\server\node_modules\mysql\lib\Connection.js:468:16)
    at Ping.Sequence.end (D:\wx_demo\server\node_modules\mysql\lib\protocol\sequences\Sequence.js:83:24)
    at Ping.Sequence.OkPacket (D:\wx_demo\server\node_modules\mysql\lib\protocol\sequences\Sequence.js:92:8)
    at Protocol._parsePacket (D:\wx_demo\server\node_modules\mysql\lib\protocol\Protocol.js:278:23)
    at Parser.write (D:\wx_demo\server\node_modules\mysql\lib\protocol\Parser.js:76:12)
  code: 'ER_EMPTY_QUERY',
  errno: 1065,
  sqlMessage: 'Query was empty',
  sqlState: '42000',
  index: 0,
  sql: '' }
[2018-12-25T10:35:10.474] [INFO] log_file - { Error: ER_EMPTY_QUERY: Query was empty
    at Query.Sequence._packetToError (D:\wx_demo\server\node_modules\mysql\lib\protocol\sequences\Sequence.js:47:14)
    at Query.ErrorPacket (D:\wx_demo\server\node_modules\mysql\lib\protocol\sequences\Query.js:77:18)
    at Protocol._parsePacket (D:\wx_demo\server\node_modules\mysql\lib\protocol\Protocol.js:278:23)
    at Parser.write (D:\wx_demo\server\node_modules\mysql\lib\protocol\Parser.js:76:12)
    at Protocol.write (D:\wx_demo\server\node_modules\mysql\lib\protocol\Protocol.js:38:16)
    at Socket.<anonymous> (D:\wx_demo\server\node_modules\mysql\lib\Connection.js:91:28)
    at Socket.<anonymous> (D:\wx_demo\server\node_modules\mysql\lib\Connection.js:502:10)
    at emitOne (events.js:116:13)
    at Socket.emit (events.js:211:7)
    at addChunk (_stream_readable.js:263:12)
    --------------------
    at Protocol._enqueue (D:\wx_demo\server\node_modules\mysql\lib\protocol\Protocol.js:144:48)
    at PoolConnection.query (D:\wx_demo\server\node_modules\mysql\lib\Connection.js:200:25)
    at D:\wx_demo\server\app.js:102:12
    at Ping.onOperationComplete (D:\wx_demo\server\node_modules\mysql\lib\Pool.js:110:5)
    at Ping.<anonymous> (D:\wx_demo\server\node_modules\mysql\lib\Connection.js:502:10)
    at Ping._callback (D:\wx_demo\server\node_modules\mysql\lib\Connection.js:468:16)
    at Ping.Sequence.end (D:\wx_demo\server\node_modules\mysql\lib\protocol\sequences\Sequence.js:83:24)
    at Ping.Sequence.OkPacket (D:\wx_demo\server\node_modules\mysql\lib\protocol\sequences\Sequence.js:92:8)
    at Protocol._parsePacket (D:\wx_demo\server\node_modules\mysql\lib\protocol\Protocol.js:278:23)
    at Parser.write (D:\wx_demo\server\node_modules\mysql\lib\protocol\Parser.js:76:12)
  code: 'ER_EMPTY_QUERY',
  errno: 1065,
  sqlMessage: 'Query was empty',
  sqlState: '42000',
  index: 0,
  sql: '' }
[2018-12-25T12:01:00.330] [INFO] log_file - 2018-12-25 12:1:0执行的此任务
[2018-12-25T13:01:00.021] [INFO] log_file - 2018-12-25 13:1:0执行的此任务
[2018-12-25T13:19:00.006] [INFO] log_file - 2018-12-25 13:19:0执行的此任务
[2018-12-25T13:20:00.006] [INFO] log_file - 2018-12-25 13:20:0执行的此任务
[2018-12-25T13:26:01.012] [INFO] log_file - 2018-12-25 13:26:1执行的此任务
[2018-12-25T13:32:01.010] [INFO] log_file - 2018-12-25 13:32:1执行的此任务
[2018-12-25T13:36:01.009] [INFO] log_file - 2018-12-25 13:36:1执行的此任务
[2018-12-25T14:14:07.493] [INFO] log_file - { Error: ER_PARSE_ERROR: You have an error in your SQL syntax; check the manual that corresponds to your MySQL server version for the right syntax to use near 'ON annual_draw.open_id = annual_member.open_id' at line 1
    at Query.Sequence._packetToError (D:\wx_demo\server\node_modules\mysql\lib\protocol\sequences\Sequence.js:47:14)
    at Query.ErrorPacket (D:\wx_demo\server\node_modules\mysql\lib\protocol\sequences\Query.js:77:18)
    at Protocol._parsePacket (D:\wx_demo\server\node_modules\mysql\lib\protocol\Protocol.js:278:23)
    at Parser.write (D:\wx_demo\server\node_modules\mysql\lib\protocol\Parser.js:76:12)
    at Protocol.write (D:\wx_demo\server\node_modules\mysql\lib\protocol\Protocol.js:38:16)
    at Socket.<anonymous> (D:\wx_demo\server\node_modules\mysql\lib\Connection.js:91:28)
    at Socket.<anonymous> (D:\wx_demo\server\node_modules\mysql\lib\Connection.js:502:10)
    at emitOne (events.js:116:13)
    at Socket.emit (events.js:211:7)
    at addChunk (_stream_readable.js:263:12)
    --------------------
    at Protocol._enqueue (D:\wx_demo\server\node_modules\mysql\lib\protocol\Protocol.js:144:48)
    at PoolConnection.query (D:\wx_demo\server\node_modules\mysql\lib\Connection.js:200:25)
    at D:\wx_demo\server\app.js:102:12
    at Ping.onOperationComplete (D:\wx_demo\server\node_modules\mysql\lib\Pool.js:110:5)
    at Ping.<anonymous> (D:\wx_demo\server\node_modules\mysql\lib\Connection.js:502:10)
    at Ping._callback (D:\wx_demo\server\node_modules\mysql\lib\Connection.js:468:16)
    at Ping.Sequence.end (D:\wx_demo\server\node_modules\mysql\lib\protocol\sequences\Sequence.js:83:24)
    at Ping.Sequence.OkPacket (D:\wx_demo\server\node_modules\mysql\lib\protocol\sequences\Sequence.js:92:8)
    at Protocol._parsePacket (D:\wx_demo\server\node_modules\mysql\lib\protocol\Protocol.js:278:23)
    at Parser.write (D:\wx_demo\server\node_modules\mysql\lib\protocol\Parser.js:76:12)
  code: 'ER_PARSE_ERROR',
  errno: 1064,
  sqlMessage: 'You have an error in your SQL syntax; check the manual that corresponds to your MySQL server version for the right syntax to use near \'ON annual_draw.open_id = annual_member.open_id\' at line 1',
  sqlState: '42000',
  index: 0,
  sql: 'SELECT * FROM annual_prize INNER JOIN annual_draw INNER JOIN annual_member ON annual_prize.id = annual_draw.prize_id ON annual_draw.open_id = annual_member.open_id' }
