[2018-11-20T16:51:39.783] [INFO] log_file - { Error: ER_TRUNCATED_WRONG_VALUE_FOR_FIELD: Incorrect integer value: 'undefined' for column 'signIn_id' at row 1
    at Query.Sequence._packetToError (D:\wx_demo\server\node_modules\mysql\lib\protocol\sequences\Sequence.js:47:14)
    at Query.ErrorPacket (D:\wx_demo\server\node_modules\mysql\lib\protocol\sequences\Query.js:77:18)
    at Protocol._parsePacket (D:\wx_demo\server\node_modules\mysql\lib\protocol\Protocol.js:278:23)
    at Parser.write (D:\wx_demo\server\node_modules\mysql\lib\protocol\Parser.js:76:12)
    at Protocol.write (D:\wx_demo\server\node_modules\mysql\lib\protocol\Protocol.js:38:16)
    at Socket.<anonymous> (D:\wx_demo\server\node_modules\mysql\lib\Connection.js:91:28)
    at Socket.<anonymous> (D:\wx_demo\server\node_modules\mysql\lib\Connection.js:502:10)
    at emitOne (events.js:116:13)
    at Socket.emit (events.js:211:7)
    at addChunk (_stream_readable.js:263:12)
    at readableAddChunk (_stream_readable.js:250:11)
    at Socket.Readable.push (_stream_readable.js:208:10)
    at TCP.onread (net.js:601:20)
    --------------------
    at Protocol._enqueue (D:\wx_demo\server\node_modules\mysql\lib\protocol\Protocol.js:144:48)
    at PoolConnection.query (D:\wx_demo\server\node_modules\mysql\lib\Connection.js:200:25)
    at D:\wx_demo\server\app.js:82:12
    at Ping.onOperationComplete (D:\wx_demo\server\node_modules\mysql\lib\Pool.js:110:5)
    at Ping.<anonymous> (D:\wx_demo\server\node_modules\mysql\lib\Connection.js:502:10)
    at Ping._callback (D:\wx_demo\server\node_modules\mysql\lib\Connection.js:468:16)
    at Ping.Sequence.end (D:\wx_demo\server\node_modules\mysql\lib\protocol\sequences\Sequence.js:83:24)
    at Ping.Sequence.OkPacket (D:\wx_demo\server\node_modules\mysql\lib\protocol\sequences\Sequence.js:92:8)
    at Protocol._parsePacket (D:\wx_demo\server\node_modules\mysql\lib\protocol\Protocol.js:278:23)
    at Parser.write (D:\wx_demo\server\node_modules\mysql\lib\protocol\Parser.js:76:12)
    at Protocol.write (D:\wx_demo\server\node_modules\mysql\lib\protocol\Protocol.js:38:16)
    at Socket.<anonymous> (D:\wx_demo\server\node_modules\mysql\lib\Connection.js:91:28)
    at Socket.<anonymous> (D:\wx_demo\server\node_modules\mysql\lib\Connection.js:502:10)
    at emitOne (events.js:116:13)
    at Socket.emit (events.js:211:7)
    at addChunk (_stream_readable.js:263:12)
    at readableAddChunk (_stream_readable.js:250:11)
    at Socket.Readable.push (_stream_readable.js:208:10)
    at TCP.onread (net.js:601:20)
  code: 'ER_TRUNCATED_WRONG_VALUE_FOR_FIELD',
  errno: 1366,
  sqlMessage: 'Incorrect integer value: \'undefined\' for column \'signIn_id\' at row 1',
  sqlState: 'HY000',
  index: 0,
  sql: 'UPDATE annual_draw SET signIn_id = "undefined" WHERE prize_id = "47"' }
[2018-11-20T16:53:39.787] [INFO] log_file - { Error: ER_TRUNCATED_WRONG_VALUE_FOR_FIELD: Incorrect integer value: 'undefined' for column 'signIn_id' at row 1
    at Query.Sequence._packetToError (D:\wx_demo\server\node_modules\mysql\lib\protocol\sequences\Sequence.js:47:14)
    at Query.ErrorPacket (D:\wx_demo\server\node_modules\mysql\lib\protocol\sequences\Query.js:77:18)
    at Protocol._parsePacket (D:\wx_demo\server\node_modules\mysql\lib\protocol\Protocol.js:278:23)
    at Parser.write (D:\wx_demo\server\node_modules\mysql\lib\protocol\Parser.js:76:12)
    at Protocol.write (D:\wx_demo\server\node_modules\mysql\lib\protocol\Protocol.js:38:16)
    at Socket.<anonymous> (D:\wx_demo\server\node_modules\mysql\lib\Connection.js:91:28)
    at Socket.<anonymous> (D:\wx_demo\server\node_modules\mysql\lib\Connection.js:502:10)
    at emitOne (events.js:116:13)
    at Socket.emit (events.js:211:7)
    at addChunk (_stream_readable.js:263:12)
    at readableAddChunk (_stream_readable.js:250:11)
    at Socket.Readable.push (_stream_readable.js:208:10)
    at TCP.onread (net.js:601:20)
    --------------------
    at Protocol._enqueue (D:\wx_demo\server\node_modules\mysql\lib\protocol\Protocol.js:144:48)
    at PoolConnection.query (D:\wx_demo\server\node_modules\mysql\lib\Connection.js:200:25)
    at D:\wx_demo\server\app.js:82:12
    at Ping.onOperationComplete (D:\wx_demo\server\node_modules\mysql\lib\Pool.js:110:5)
    at Ping.<anonymous> (D:\wx_demo\server\node_modules\mysql\lib\Connection.js:502:10)
    at Ping._callback (D:\wx_demo\server\node_modules\mysql\lib\Connection.js:468:16)
    at Ping.Sequence.end (D:\wx_demo\server\node_modules\mysql\lib\protocol\sequences\Sequence.js:83:24)
    at Ping.Sequence.OkPacket (D:\wx_demo\server\node_modules\mysql\lib\protocol\sequences\Sequence.js:92:8)
    at Protocol._parsePacket (D:\wx_demo\server\node_modules\mysql\lib\protocol\Protocol.js:278:23)
    at Parser.write (D:\wx_demo\server\node_modules\mysql\lib\protocol\Parser.js:76:12)
    at Protocol.write (D:\wx_demo\server\node_modules\mysql\lib\protocol\Protocol.js:38:16)
    at Socket.<anonymous> (D:\wx_demo\server\node_modules\mysql\lib\Connection.js:91:28)
    at Socket.<anonymous> (D:\wx_demo\server\node_modules\mysql\lib\Connection.js:502:10)
    at emitOne (events.js:116:13)
    at Socket.emit (events.js:211:7)
    at addChunk (_stream_readable.js:263:12)
    at readableAddChunk (_stream_readable.js:250:11)
    at Socket.Readable.push (_stream_readable.js:208:10)
    at TCP.onread (net.js:601:20)
  code: 'ER_TRUNCATED_WRONG_VALUE_FOR_FIELD',
  errno: 1366,
  sqlMessage: 'Incorrect integer value: \'undefined\' for column \'signIn_id\' at row 1',
  sqlState: 'HY000',
  index: 0,
  sql: 'UPDATE annual_draw SET signIn_id = "undefined" WHERE prize_id = "47"' }
