[2018-11-16T11:07:31.501] [INFO] log_file - { Error: ER_NO_REFERENCED_ROW_2: Cannot add or update a child row: a foreign key constraint fails (`wx_signin`.`annual_draw`, CONSTRAINT `annual_draw_ibfk_1` FOREIGN KEY (`prize_id`) REFERENCES `prize_manage` (`id`) ON DELETE CASCADE ON UPDATE CASCADE)
    at Query.Sequence._packetToError (D:\wx_demo\server\node_modules\mysql\lib\protocol\sequences\Sequence.js:47:14)
    at Query.ErrorPacket (D:\wx_demo\server\node_modules\mysql\lib\protocol\sequences\Query.js:77:18)
    at Protocol._parsePacket (D:\wx_demo\server\node_modules\mysql\lib\protocol\Protocol.js:278:23)
    at Parser.write (D:\wx_demo\server\node_modules\mysql\lib\protocol\Parser.js:76:12)
    at Protocol.write (D:\wx_demo\server\node_modules\mysql\lib\protocol\Protocol.js:38:16)
    at Socket.<anonymous> (D:\wx_demo\server\node_modules\mysql\lib\Connection.js:91:28)
    at Socket.<anonymous> (D:\wx_demo\server\node_modules\mysql\lib\Connection.js:502:10)
    at emitOne (events.js:116:13)
    at Socket.emit (events.js:211:7)
    at addChunk (_stream_readable.js:263:12)
    at readableAddChunk (_stream_readable.js:250:11)
    at Socket.Readable.push (_stream_readable.js:208:10)
    at TCP.onread (net.js:601:20)
    --------------------
    at Protocol._enqueue (D:\wx_demo\server\node_modules\mysql\lib\protocol\Protocol.js:144:48)
    at PoolConnection.query (D:\wx_demo\server\node_modules\mysql\lib\Connection.js:200:25)
    at D:\wx_demo\server\app.js:82:12
    at Ping.onOperationComplete (D:\wx_demo\server\node_modules\mysql\lib\Pool.js:110:5)
    at Ping.<anonymous> (D:\wx_demo\server\node_modules\mysql\lib\Connection.js:502:10)
    at Ping._callback (D:\wx_demo\server\node_modules\mysql\lib\Connection.js:468:16)
    at Ping.Sequence.end (D:\wx_demo\server\node_modules\mysql\lib\protocol\sequences\Sequence.js:83:24)
    at Ping.Sequence.OkPacket (D:\wx_demo\server\node_modules\mysql\lib\protocol\sequences\Sequence.js:92:8)
    at Protocol._parsePacket (D:\wx_demo\server\node_modules\mysql\lib\protocol\Protocol.js:278:23)
    at Parser.write (D:\wx_demo\server\node_modules\mysql\lib\protocol\Parser.js:76:12)
    at Protocol.write (D:\wx_demo\server\node_modules\mysql\lib\protocol\Protocol.js:38:16)
    at Socket.<anonymous> (D:\wx_demo\server\node_modules\mysql\lib\Connection.js:91:28)
    at Socket.<anonymous> (D:\wx_demo\server\node_modules\mysql\lib\Connection.js:502:10)
    at emitOne (events.js:116:13)
    at Socket.emit (events.js:211:7)
    at addChunk (_stream_readable.js:263:12)
    at readableAddChunk (_stream_readable.js:250:11)
    at Socket.Readable.push (_stream_readable.js:208:10)
    at TCP.onread (net.js:601:20)
  code: 'ER_NO_REFERENCED_ROW_2',
  errno: 1452,
  sqlMessage: 'Cannot add or update a child row: a foreign key constraint fails (`wx_signin`.`annual_draw`, CONSTRAINT `annual_draw_ibfk_1` FOREIGN KEY (`prize_id`) REFERENCES `prize_manage` (`id`) ON DELETE CASCADE ON UPDATE CASCADE)',
  sqlState: '23000',
  index: 0,
  sql: 'INSERT INTO annual_draw(prize_id) VALUE("11")' }
[2018-11-16T11:07:31.504] [INFO] log_file - { Error: ER_NO_REFERENCED_ROW_2: Cannot add or update a child row: a foreign key constraint fails (`wx_signin`.`annual_draw`, CONSTRAINT `annual_draw_ibfk_1` FOREIGN KEY (`prize_id`) REFERENCES `prize_manage` (`id`) ON DELETE CASCADE ON UPDATE CASCADE)
    at Query.Sequence._packetToError (D:\wx_demo\server\node_modules\mysql\lib\protocol\sequences\Sequence.js:47:14)
    at Query.ErrorPacket (D:\wx_demo\server\node_modules\mysql\lib\protocol\sequences\Query.js:77:18)
    at Protocol._parsePacket (D:\wx_demo\server\node_modules\mysql\lib\protocol\Protocol.js:278:23)
    at Parser.write (D:\wx_demo\server\node_modules\mysql\lib\protocol\Parser.js:76:12)
    at Protocol.write (D:\wx_demo\server\node_modules\mysql\lib\protocol\Protocol.js:38:16)
    at Socket.<anonymous> (D:\wx_demo\server\node_modules\mysql\lib\Connection.js:91:28)
    at Socket.<anonymous> (D:\wx_demo\server\node_modules\mysql\lib\Connection.js:502:10)
    at emitOne (events.js:116:13)
    at Socket.emit (events.js:211:7)
    at addChunk (_stream_readable.js:263:12)
    at readableAddChunk (_stream_readable.js:250:11)
    at Socket.Readable.push (_stream_readable.js:208:10)
    at TCP.onread (net.js:601:20)
    --------------------
    at Protocol._enqueue (D:\wx_demo\server\node_modules\mysql\lib\protocol\Protocol.js:144:48)
    at PoolConnection.query (D:\wx_demo\server\node_modules\mysql\lib\Connection.js:200:25)
    at D:\wx_demo\server\app.js:82:12
    at Ping.onOperationComplete (D:\wx_demo\server\node_modules\mysql\lib\Pool.js:110:5)
    at Ping.<anonymous> (D:\wx_demo\server\node_modules\mysql\lib\Connection.js:502:10)
    at Ping._callback (D:\wx_demo\server\node_modules\mysql\lib\Connection.js:468:16)
    at Ping.Sequence.end (D:\wx_demo\server\node_modules\mysql\lib\protocol\sequences\Sequence.js:83:24)
    at Ping.Sequence.OkPacket (D:\wx_demo\server\node_modules\mysql\lib\protocol\sequences\Sequence.js:92:8)
    at Protocol._parsePacket (D:\wx_demo\server\node_modules\mysql\lib\protocol\Protocol.js:278:23)
    at Parser.write (D:\wx_demo\server\node_modules\mysql\lib\protocol\Parser.js:76:12)
    at Protocol.write (D:\wx_demo\server\node_modules\mysql\lib\protocol\Protocol.js:38:16)
    at Socket.<anonymous> (D:\wx_demo\server\node_modules\mysql\lib\Connection.js:91:28)
    at Socket.<anonymous> (D:\wx_demo\server\node_modules\mysql\lib\Connection.js:502:10)
    at emitOne (events.js:116:13)
    at Socket.emit (events.js:211:7)
    at addChunk (_stream_readable.js:263:12)
    at readableAddChunk (_stream_readable.js:250:11)
    at Socket.Readable.push (_stream_readable.js:208:10)
    at TCP.onread (net.js:601:20)
  code: 'ER_NO_REFERENCED_ROW_2',
  errno: 1452,
  sqlMessage: 'Cannot add or update a child row: a foreign key constraint fails (`wx_signin`.`annual_draw`, CONSTRAINT `annual_draw_ibfk_1` FOREIGN KEY (`prize_id`) REFERENCES `prize_manage` (`id`) ON DELETE CASCADE ON UPDATE CASCADE)',
  sqlState: '23000',
  index: 0,
  sql: 'INSERT INTO annual_draw(prize_id) VALUE("12")' }
[2018-11-16T11:07:46.010] [INFO] log_file - { Error: ER_NO_REFERENCED_ROW_2: Cannot add or update a child row: a foreign key constraint fails (`wx_signin`.`annual_draw`, CONSTRAINT `annual_draw_ibfk_1` FOREIGN KEY (`prize_id`) REFERENCES `prize_manage` (`id`) ON DELETE CASCADE ON UPDATE CASCADE)
    at Query.Sequence._packetToError (D:\wx_demo\server\node_modules\mysql\lib\protocol\sequences\Sequence.js:47:14)
    at Query.ErrorPacket (D:\wx_demo\server\node_modules\mysql\lib\protocol\sequences\Query.js:77:18)
    at Protocol._parsePacket (D:\wx_demo\server\node_modules\mysql\lib\protocol\Protocol.js:278:23)
    at Parser.write (D:\wx_demo\server\node_modules\mysql\lib\protocol\Parser.js:76:12)
    at Protocol.write (D:\wx_demo\server\node_modules\mysql\lib\protocol\Protocol.js:38:16)
    at Socket.<anonymous> (D:\wx_demo\server\node_modules\mysql\lib\Connection.js:91:28)
    at Socket.<anonymous> (D:\wx_demo\server\node_modules\mysql\lib\Connection.js:502:10)
    at emitOne (events.js:116:13)
    at Socket.emit (events.js:211:7)
    at addChunk (_stream_readable.js:263:12)
    at readableAddChunk (_stream_readable.js:250:11)
    at Socket.Readable.push (_stream_readable.js:208:10)
    at TCP.onread (net.js:601:20)
    --------------------
    at Protocol._enqueue (D:\wx_demo\server\node_modules\mysql\lib\protocol\Protocol.js:144:48)
    at PoolConnection.query (D:\wx_demo\server\node_modules\mysql\lib\Connection.js:200:25)
    at D:\wx_demo\server\app.js:82:12
    at Ping.onOperationComplete (D:\wx_demo\server\node_modules\mysql\lib\Pool.js:110:5)
    at Ping.<anonymous> (D:\wx_demo\server\node_modules\mysql\lib\Connection.js:502:10)
    at Ping._callback (D:\wx_demo\server\node_modules\mysql\lib\Connection.js:468:16)
    at Ping.Sequence.end (D:\wx_demo\server\node_modules\mysql\lib\protocol\sequences\Sequence.js:83:24)
    at Ping.Sequence.OkPacket (D:\wx_demo\server\node_modules\mysql\lib\protocol\sequences\Sequence.js:92:8)
    at Protocol._parsePacket (D:\wx_demo\server\node_modules\mysql\lib\protocol\Protocol.js:278:23)
    at Parser.write (D:\wx_demo\server\node_modules\mysql\lib\protocol\Parser.js:76:12)
    at Protocol.write (D:\wx_demo\server\node_modules\mysql\lib\protocol\Protocol.js:38:16)
    at Socket.<anonymous> (D:\wx_demo\server\node_modules\mysql\lib\Connection.js:91:28)
    at Socket.<anonymous> (D:\wx_demo\server\node_modules\mysql\lib\Connection.js:502:10)
    at emitOne (events.js:116:13)
    at Socket.emit (events.js:211:7)
    at addChunk (_stream_readable.js:263:12)
    at readableAddChunk (_stream_readable.js:250:11)
    at Socket.Readable.push (_stream_readable.js:208:10)
    at TCP.onread (net.js:601:20)
  code: 'ER_NO_REFERENCED_ROW_2',
  errno: 1452,
  sqlMessage: 'Cannot add or update a child row: a foreign key constraint fails (`wx_signin`.`annual_draw`, CONSTRAINT `annual_draw_ibfk_1` FOREIGN KEY (`prize_id`) REFERENCES `prize_manage` (`id`) ON DELETE CASCADE ON UPDATE CASCADE)',
  sqlState: '23000',
  index: 0,
  sql: 'INSERT INTO annual_draw(prize_id) VALUE("13")' }
[2018-11-16T11:07:46.014] [INFO] log_file - { Error: ER_NO_REFERENCED_ROW_2: Cannot add or update a child row: a foreign key constraint fails (`wx_signin`.`annual_draw`, CONSTRAINT `annual_draw_ibfk_1` FOREIGN KEY (`prize_id`) REFERENCES `prize_manage` (`id`) ON DELETE CASCADE ON UPDATE CASCADE)
    at Query.Sequence._packetToError (D:\wx_demo\server\node_modules\mysql\lib\protocol\sequences\Sequence.js:47:14)
    at Query.ErrorPacket (D:\wx_demo\server\node_modules\mysql\lib\protocol\sequences\Query.js:77:18)
    at Protocol._parsePacket (D:\wx_demo\server\node_modules\mysql\lib\protocol\Protocol.js:278:23)
    at Parser.write (D:\wx_demo\server\node_modules\mysql\lib\protocol\Parser.js:76:12)
    at Protocol.write (D:\wx_demo\server\node_modules\mysql\lib\protocol\Protocol.js:38:16)
    at Socket.<anonymous> (D:\wx_demo\server\node_modules\mysql\lib\Connection.js:91:28)
    at Socket.<anonymous> (D:\wx_demo\server\node_modules\mysql\lib\Connection.js:502:10)
    at emitOne (events.js:116:13)
    at Socket.emit (events.js:211:7)
    at addChunk (_stream_readable.js:263:12)
    at readableAddChunk (_stream_readable.js:250:11)
    at Socket.Readable.push (_stream_readable.js:208:10)
    at TCP.onread (net.js:601:20)
    --------------------
    at Protocol._enqueue (D:\wx_demo\server\node_modules\mysql\lib\protocol\Protocol.js:144:48)
    at PoolConnection.query (D:\wx_demo\server\node_modules\mysql\lib\Connection.js:200:25)
    at D:\wx_demo\server\app.js:82:12
    at Ping.onOperationComplete (D:\wx_demo\server\node_modules\mysql\lib\Pool.js:110:5)
    at Ping.<anonymous> (D:\wx_demo\server\node_modules\mysql\lib\Connection.js:502:10)
    at Ping._callback (D:\wx_demo\server\node_modules\mysql\lib\Connection.js:468:16)
    at Ping.Sequence.end (D:\wx_demo\server\node_modules\mysql\lib\protocol\sequences\Sequence.js:83:24)
    at Ping.Sequence.OkPacket (D:\wx_demo\server\node_modules\mysql\lib\protocol\sequences\Sequence.js:92:8)
    at Protocol._parsePacket (D:\wx_demo\server\node_modules\mysql\lib\protocol\Protocol.js:278:23)
    at Parser.write (D:\wx_demo\server\node_modules\mysql\lib\protocol\Parser.js:76:12)
    at Protocol.write (D:\wx_demo\server\node_modules\mysql\lib\protocol\Protocol.js:38:16)
    at Socket.<anonymous> (D:\wx_demo\server\node_modules\mysql\lib\Connection.js:91:28)
    at Socket.<anonymous> (D:\wx_demo\server\node_modules\mysql\lib\Connection.js:502:10)
    at emitOne (events.js:116:13)
    at Socket.emit (events.js:211:7)
    at addChunk (_stream_readable.js:263:12)
    at readableAddChunk (_stream_readable.js:250:11)
    at Socket.Readable.push (_stream_readable.js:208:10)
    at TCP.onread (net.js:601:20)
  code: 'ER_NO_REFERENCED_ROW_2',
  errno: 1452,
  sqlMessage: 'Cannot add or update a child row: a foreign key constraint fails (`wx_signin`.`annual_draw`, CONSTRAINT `annual_draw_ibfk_1` FOREIGN KEY (`prize_id`) REFERENCES `prize_manage` (`id`) ON DELETE CASCADE ON UPDATE CASCADE)',
  sqlState: '23000',
  index: 0,
  sql: 'INSERT INTO annual_draw(prize_id) VALUE("15")' }
[2018-11-16T11:07:46.016] [INFO] log_file - { Error: ER_NO_REFERENCED_ROW_2: Cannot add or update a child row: a foreign key constraint fails (`wx_signin`.`annual_draw`, CONSTRAINT `annual_draw_ibfk_1` FOREIGN KEY (`prize_id`) REFERENCES `prize_manage` (`id`) ON DELETE CASCADE ON UPDATE CASCADE)
    at Query.Sequence._packetToError (D:\wx_demo\server\node_modules\mysql\lib\protocol\sequences\Sequence.js:47:14)
    at Query.ErrorPacket (D:\wx_demo\server\node_modules\mysql\lib\protocol\sequences\Query.js:77:18)
    at Protocol._parsePacket (D:\wx_demo\server\node_modules\mysql\lib\protocol\Protocol.js:278:23)
    at Parser.write (D:\wx_demo\server\node_modules\mysql\lib\protocol\Parser.js:76:12)
    at Protocol.write (D:\wx_demo\server\node_modules\mysql\lib\protocol\Protocol.js:38:16)
    at Socket.<anonymous> (D:\wx_demo\server\node_modules\mysql\lib\Connection.js:91:28)
    at Socket.<anonymous> (D:\wx_demo\server\node_modules\mysql\lib\Connection.js:502:10)
    at emitOne (events.js:116:13)
    at Socket.emit (events.js:211:7)
    at addChunk (_stream_readable.js:263:12)
    at readableAddChunk (_stream_readable.js:250:11)
    at Socket.Readable.push (_stream_readable.js:208:10)
    at TCP.onread (net.js:601:20)
    --------------------
    at Protocol._enqueue (D:\wx_demo\server\node_modules\mysql\lib\protocol\Protocol.js:144:48)
    at PoolConnection.query (D:\wx_demo\server\node_modules\mysql\lib\Connection.js:200:25)
    at D:\wx_demo\server\app.js:82:12
    at Ping.onOperationComplete (D:\wx_demo\server\node_modules\mysql\lib\Pool.js:110:5)
    at Ping.<anonymous> (D:\wx_demo\server\node_modules\mysql\lib\Connection.js:502:10)
    at Ping._callback (D:\wx_demo\server\node_modules\mysql\lib\Connection.js:468:16)
    at Ping.Sequence.end (D:\wx_demo\server\node_modules\mysql\lib\protocol\sequences\Sequence.js:83:24)
    at Ping.Sequence.OkPacket (D:\wx_demo\server\node_modules\mysql\lib\protocol\sequences\Sequence.js:92:8)
    at Protocol._parsePacket (D:\wx_demo\server\node_modules\mysql\lib\protocol\Protocol.js:278:23)
    at Parser.write (D:\wx_demo\server\node_modules\mysql\lib\protocol\Parser.js:76:12)
    at Protocol.write (D:\wx_demo\server\node_modules\mysql\lib\protocol\Protocol.js:38:16)
    at Socket.<anonymous> (D:\wx_demo\server\node_modules\mysql\lib\Connection.js:91:28)
    at Socket.<anonymous> (D:\wx_demo\server\node_modules\mysql\lib\Connection.js:502:10)
    at emitOne (events.js:116:13)
    at Socket.emit (events.js:211:7)
    at addChunk (_stream_readable.js:263:12)
    at readableAddChunk (_stream_readable.js:250:11)
    at Socket.Readable.push (_stream_readable.js:208:10)
    at TCP.onread (net.js:601:20)
  code: 'ER_NO_REFERENCED_ROW_2',
  errno: 1452,
  sqlMessage: 'Cannot add or update a child row: a foreign key constraint fails (`wx_signin`.`annual_draw`, CONSTRAINT `annual_draw_ibfk_1` FOREIGN KEY (`prize_id`) REFERENCES `prize_manage` (`id`) ON DELETE CASCADE ON UPDATE CASCADE)',
  sqlState: '23000',
  index: 0,
  sql: 'INSERT INTO annual_draw(prize_id) VALUE("14")' }
[2018-11-16T11:07:48.915] [INFO] log_file - { Error: ER_NO_REFERENCED_ROW_2: Cannot add or update a child row: a foreign key constraint fails (`wx_signin`.`annual_draw`, CONSTRAINT `annual_draw_ibfk_1` FOREIGN KEY (`prize_id`) REFERENCES `prize_manage` (`id`) ON DELETE CASCADE ON UPDATE CASCADE)
    at Query.Sequence._packetToError (D:\wx_demo\server\node_modules\mysql\lib\protocol\sequences\Sequence.js:47:14)
    at Query.ErrorPacket (D:\wx_demo\server\node_modules\mysql\lib\protocol\sequences\Query.js:77:18)
    at Protocol._parsePacket (D:\wx_demo\server\node_modules\mysql\lib\protocol\Protocol.js:278:23)
    at Parser.write (D:\wx_demo\server\node_modules\mysql\lib\protocol\Parser.js:76:12)
    at Protocol.write (D:\wx_demo\server\node_modules\mysql\lib\protocol\Protocol.js:38:16)
    at Socket.<anonymous> (D:\wx_demo\server\node_modules\mysql\lib\Connection.js:91:28)
    at Socket.<anonymous> (D:\wx_demo\server\node_modules\mysql\lib\Connection.js:502:10)
    at emitOne (events.js:116:13)
    at Socket.emit (events.js:211:7)
    at addChunk (_stream_readable.js:263:12)
    at readableAddChunk (_stream_readable.js:250:11)
    at Socket.Readable.push (_stream_readable.js:208:10)
    at TCP.onread (net.js:601:20)
    --------------------
    at Protocol._enqueue (D:\wx_demo\server\node_modules\mysql\lib\protocol\Protocol.js:144:48)
    at PoolConnection.query (D:\wx_demo\server\node_modules\mysql\lib\Connection.js:200:25)
    at D:\wx_demo\server\app.js:82:12
    at Ping.onOperationComplete (D:\wx_demo\server\node_modules\mysql\lib\Pool.js:110:5)
    at Ping.<anonymous> (D:\wx_demo\server\node_modules\mysql\lib\Connection.js:502:10)
    at Ping._callback (D:\wx_demo\server\node_modules\mysql\lib\Connection.js:468:16)
    at Ping.Sequence.end (D:\wx_demo\server\node_modules\mysql\lib\protocol\sequences\Sequence.js:83:24)
    at Ping.Sequence.OkPacket (D:\wx_demo\server\node_modules\mysql\lib\protocol\sequences\Sequence.js:92:8)
    at Protocol._parsePacket (D:\wx_demo\server\node_modules\mysql\lib\protocol\Protocol.js:278:23)
    at Parser.write (D:\wx_demo\server\node_modules\mysql\lib\protocol\Parser.js:76:12)
    at Protocol.write (D:\wx_demo\server\node_modules\mysql\lib\protocol\Protocol.js:38:16)
    at Socket.<anonymous> (D:\wx_demo\server\node_modules\mysql\lib\Connection.js:91:28)
    at Socket.<anonymous> (D:\wx_demo\server\node_modules\mysql\lib\Connection.js:502:10)
    at emitOne (events.js:116:13)
    at Socket.emit (events.js:211:7)
    at addChunk (_stream_readable.js:263:12)
    at readableAddChunk (_stream_readable.js:250:11)
    at Socket.Readable.push (_stream_readable.js:208:10)
    at TCP.onread (net.js:601:20)
  code: 'ER_NO_REFERENCED_ROW_2',
  errno: 1452,
  sqlMessage: 'Cannot add or update a child row: a foreign key constraint fails (`wx_signin`.`annual_draw`, CONSTRAINT `annual_draw_ibfk_1` FOREIGN KEY (`prize_id`) REFERENCES `prize_manage` (`id`) ON DELETE CASCADE ON UPDATE CASCADE)',
  sqlState: '23000',
  index: 0,
  sql: 'INSERT INTO annual_draw(prize_id) VALUE("16")' }
[2018-11-16T11:07:48.917] [INFO] log_file - { Error: ER_NO_REFERENCED_ROW_2: Cannot add or update a child row: a foreign key constraint fails (`wx_signin`.`annual_draw`, CONSTRAINT `annual_draw_ibfk_1` FOREIGN KEY (`prize_id`) REFERENCES `prize_manage` (`id`) ON DELETE CASCADE ON UPDATE CASCADE)
    at Query.Sequence._packetToError (D:\wx_demo\server\node_modules\mysql\lib\protocol\sequences\Sequence.js:47:14)
    at Query.ErrorPacket (D:\wx_demo\server\node_modules\mysql\lib\protocol\sequences\Query.js:77:18)
    at Protocol._parsePacket (D:\wx_demo\server\node_modules\mysql\lib\protocol\Protocol.js:278:23)
    at Parser.write (D:\wx_demo\server\node_modules\mysql\lib\protocol\Parser.js:76:12)
    at Protocol.write (D:\wx_demo\server\node_modules\mysql\lib\protocol\Protocol.js:38:16)
    at Socket.<anonymous> (D:\wx_demo\server\node_modules\mysql\lib\Connection.js:91:28)
    at Socket.<anonymous> (D:\wx_demo\server\node_modules\mysql\lib\Connection.js:502:10)
    at emitOne (events.js:116:13)
    at Socket.emit (events.js:211:7)
    at addChunk (_stream_readable.js:263:12)
    at readableAddChunk (_stream_readable.js:250:11)
    at Socket.Readable.push (_stream_readable.js:208:10)
    at TCP.onread (net.js:601:20)
    --------------------
    at Protocol._enqueue (D:\wx_demo\server\node_modules\mysql\lib\protocol\Protocol.js:144:48)
    at PoolConnection.query (D:\wx_demo\server\node_modules\mysql\lib\Connection.js:200:25)
    at D:\wx_demo\server\app.js:82:12
    at Ping.onOperationComplete (D:\wx_demo\server\node_modules\mysql\lib\Pool.js:110:5)
    at Ping.<anonymous> (D:\wx_demo\server\node_modules\mysql\lib\Connection.js:502:10)
    at Ping._callback (D:\wx_demo\server\node_modules\mysql\lib\Connection.js:468:16)
    at Ping.Sequence.end (D:\wx_demo\server\node_modules\mysql\lib\protocol\sequences\Sequence.js:83:24)
    at Ping.Sequence.OkPacket (D:\wx_demo\server\node_modules\mysql\lib\protocol\sequences\Sequence.js:92:8)
    at Protocol._parsePacket (D:\wx_demo\server\node_modules\mysql\lib\protocol\Protocol.js:278:23)
    at Parser.write (D:\wx_demo\server\node_modules\mysql\lib\protocol\Parser.js:76:12)
    at Protocol.write (D:\wx_demo\server\node_modules\mysql\lib\protocol\Protocol.js:38:16)
    at Socket.<anonymous> (D:\wx_demo\server\node_modules\mysql\lib\Connection.js:91:28)
    at Socket.<anonymous> (D:\wx_demo\server\node_modules\mysql\lib\Connection.js:502:10)
    at emitOne (events.js:116:13)
    at Socket.emit (events.js:211:7)
    at addChunk (_stream_readable.js:263:12)
    at readableAddChunk (_stream_readable.js:250:11)
    at Socket.Readable.push (_stream_readable.js:208:10)
    at TCP.onread (net.js:601:20)
  code: 'ER_NO_REFERENCED_ROW_2',
  errno: 1452,
  sqlMessage: 'Cannot add or update a child row: a foreign key constraint fails (`wx_signin`.`annual_draw`, CONSTRAINT `annual_draw_ibfk_1` FOREIGN KEY (`prize_id`) REFERENCES `prize_manage` (`id`) ON DELETE CASCADE ON UPDATE CASCADE)',
  sqlState: '23000',
  index: 0,
  sql: 'INSERT INTO annual_draw(prize_id) VALUE("17")' }
[2018-11-16T11:07:48.920] [INFO] log_file - { Error: ER_NO_REFERENCED_ROW_2: Cannot add or update a child row: a foreign key constraint fails (`wx_signin`.`annual_draw`, CONSTRAINT `annual_draw_ibfk_1` FOREIGN KEY (`prize_id`) REFERENCES `prize_manage` (`id`) ON DELETE CASCADE ON UPDATE CASCADE)
    at Query.Sequence._packetToError (D:\wx_demo\server\node_modules\mysql\lib\protocol\sequences\Sequence.js:47:14)
    at Query.ErrorPacket (D:\wx_demo\server\node_modules\mysql\lib\protocol\sequences\Query.js:77:18)
    at Protocol._parsePacket (D:\wx_demo\server\node_modules\mysql\lib\protocol\Protocol.js:278:23)
    at Parser.write (D:\wx_demo\server\node_modules\mysql\lib\protocol\Parser.js:76:12)
    at Protocol.write (D:\wx_demo\server\node_modules\mysql\lib\protocol\Protocol.js:38:16)
    at Socket.<anonymous> (D:\wx_demo\server\node_modules\mysql\lib\Connection.js:91:28)
    at Socket.<anonymous> (D:\wx_demo\server\node_modules\mysql\lib\Connection.js:502:10)
    at emitOne (events.js:116:13)
    at Socket.emit (events.js:211:7)
    at addChunk (_stream_readable.js:263:12)
    at readableAddChunk (_stream_readable.js:250:11)
    at Socket.Readable.push (_stream_readable.js:208:10)
    at TCP.onread (net.js:601:20)
    --------------------
    at Protocol._enqueue (D:\wx_demo\server\node_modules\mysql\lib\protocol\Protocol.js:144:48)
    at PoolConnection.query (D:\wx_demo\server\node_modules\mysql\lib\Connection.js:200:25)
    at D:\wx_demo\server\app.js:82:12
    at Ping.onOperationComplete (D:\wx_demo\server\node_modules\mysql\lib\Pool.js:110:5)
    at Ping.<anonymous> (D:\wx_demo\server\node_modules\mysql\lib\Connection.js:502:10)
    at Ping._callback (D:\wx_demo\server\node_modules\mysql\lib\Connection.js:468:16)
    at Ping.Sequence.end (D:\wx_demo\server\node_modules\mysql\lib\protocol\sequences\Sequence.js:83:24)
    at Ping.Sequence.OkPacket (D:\wx_demo\server\node_modules\mysql\lib\protocol\sequences\Sequence.js:92:8)
    at Protocol._parsePacket (D:\wx_demo\server\node_modules\mysql\lib\protocol\Protocol.js:278:23)
    at Parser.write (D:\wx_demo\server\node_modules\mysql\lib\protocol\Parser.js:76:12)
    at Protocol.write (D:\wx_demo\server\node_modules\mysql\lib\protocol\Protocol.js:38:16)
    at Socket.<anonymous> (D:\wx_demo\server\node_modules\mysql\lib\Connection.js:91:28)
    at Socket.<anonymous> (D:\wx_demo\server\node_modules\mysql\lib\Connection.js:502:10)
    at emitOne (events.js:116:13)
    at Socket.emit (events.js:211:7)
    at addChunk (_stream_readable.js:263:12)
    at readableAddChunk (_stream_readable.js:250:11)
    at Socket.Readable.push (_stream_readable.js:208:10)
    at TCP.onread (net.js:601:20)
  code: 'ER_NO_REFERENCED_ROW_2',
  errno: 1452,
  sqlMessage: 'Cannot add or update a child row: a foreign key constraint fails (`wx_signin`.`annual_draw`, CONSTRAINT `annual_draw_ibfk_1` FOREIGN KEY (`prize_id`) REFERENCES `prize_manage` (`id`) ON DELETE CASCADE ON UPDATE CASCADE)',
  sqlState: '23000',
  index: 0,
  sql: 'INSERT INTO annual_draw(prize_id) VALUE("18")' }
[2018-11-16T11:08:27.649] [INFO] log_file - { Error: ER_NO_REFERENCED_ROW_2: Cannot add or update a child row: a foreign key constraint fails (`wx_signin`.`annual_draw`, CONSTRAINT `annual_draw_ibfk_1` FOREIGN KEY (`prize_id`) REFERENCES `prize_manage` (`id`) ON DELETE CASCADE ON UPDATE CASCADE)
    at Query.Sequence._packetToError (D:\wx_demo\server\node_modules\mysql\lib\protocol\sequences\Sequence.js:47:14)
    at Query.ErrorPacket (D:\wx_demo\server\node_modules\mysql\lib\protocol\sequences\Query.js:77:18)
    at Protocol._parsePacket (D:\wx_demo\server\node_modules\mysql\lib\protocol\Protocol.js:278:23)
    at Parser.write (D:\wx_demo\server\node_modules\mysql\lib\protocol\Parser.js:76:12)
    at Protocol.write (D:\wx_demo\server\node_modules\mysql\lib\protocol\Protocol.js:38:16)
    at Socket.<anonymous> (D:\wx_demo\server\node_modules\mysql\lib\Connection.js:91:28)
    at Socket.<anonymous> (D:\wx_demo\server\node_modules\mysql\lib\Connection.js:502:10)
    at emitOne (events.js:116:13)
    at Socket.emit (events.js:211:7)
    at addChunk (_stream_readable.js:263:12)
    at readableAddChunk (_stream_readable.js:250:11)
    at Socket.Readable.push (_stream_readable.js:208:10)
    at TCP.onread (net.js:601:20)
    --------------------
    at Protocol._enqueue (D:\wx_demo\server\node_modules\mysql\lib\protocol\Protocol.js:144:48)
    at PoolConnection.query (D:\wx_demo\server\node_modules\mysql\lib\Connection.js:200:25)
    at D:\wx_demo\server\app.js:82:12
    at Ping.onOperationComplete (D:\wx_demo\server\node_modules\mysql\lib\Pool.js:110:5)
    at Ping.<anonymous> (D:\wx_demo\server\node_modules\mysql\lib\Connection.js:502:10)
    at Ping._callback (D:\wx_demo\server\node_modules\mysql\lib\Connection.js:468:16)
    at Ping.Sequence.end (D:\wx_demo\server\node_modules\mysql\lib\protocol\sequences\Sequence.js:83:24)
    at Ping.Sequence.OkPacket (D:\wx_demo\server\node_modules\mysql\lib\protocol\sequences\Sequence.js:92:8)
    at Protocol._parsePacket (D:\wx_demo\server\node_modules\mysql\lib\protocol\Protocol.js:278:23)
    at Parser.write (D:\wx_demo\server\node_modules\mysql\lib\protocol\Parser.js:76:12)
    at Protocol.write (D:\wx_demo\server\node_modules\mysql\lib\protocol\Protocol.js:38:16)
    at Socket.<anonymous> (D:\wx_demo\server\node_modules\mysql\lib\Connection.js:91:28)
    at Socket.<anonymous> (D:\wx_demo\server\node_modules\mysql\lib\Connection.js:502:10)
    at emitOne (events.js:116:13)
    at Socket.emit (events.js:211:7)
    at addChunk (_stream_readable.js:263:12)
    at readableAddChunk (_stream_readable.js:250:11)
    at Socket.Readable.push (_stream_readable.js:208:10)
    at TCP.onread (net.js:601:20)
  code: 'ER_NO_REFERENCED_ROW_2',
  errno: 1452,
  sqlMessage: 'Cannot add or update a child row: a foreign key constraint fails (`wx_signin`.`annual_draw`, CONSTRAINT `annual_draw_ibfk_1` FOREIGN KEY (`prize_id`) REFERENCES `prize_manage` (`id`) ON DELETE CASCADE ON UPDATE CASCADE)',
  sqlState: '23000',
  index: 0,
  sql: 'INSERT INTO annual_draw(prize_id) VALUE("21")' }
[2018-11-16T11:08:27.651] [INFO] log_file - { Error: ER_NO_REFERENCED_ROW_2: Cannot add or update a child row: a foreign key constraint fails (`wx_signin`.`annual_draw`, CONSTRAINT `annual_draw_ibfk_1` FOREIGN KEY (`prize_id`) REFERENCES `prize_manage` (`id`) ON DELETE CASCADE ON UPDATE CASCADE)
    at Query.Sequence._packetToError (D:\wx_demo\server\node_modules\mysql\lib\protocol\sequences\Sequence.js:47:14)
    at Query.ErrorPacket (D:\wx_demo\server\node_modules\mysql\lib\protocol\sequences\Query.js:77:18)
    at Protocol._parsePacket (D:\wx_demo\server\node_modules\mysql\lib\protocol\Protocol.js:278:23)
    at Parser.write (D:\wx_demo\server\node_modules\mysql\lib\protocol\Parser.js:76:12)
    at Protocol.write (D:\wx_demo\server\node_modules\mysql\lib\protocol\Protocol.js:38:16)
    at Socket.<anonymous> (D:\wx_demo\server\node_modules\mysql\lib\Connection.js:91:28)
    at Socket.<anonymous> (D:\wx_demo\server\node_modules\mysql\lib\Connection.js:502:10)
    at emitOne (events.js:116:13)
    at Socket.emit (events.js:211:7)
    at addChunk (_stream_readable.js:263:12)
    at readableAddChunk (_stream_readable.js:250:11)
    at Socket.Readable.push (_stream_readable.js:208:10)
    at TCP.onread (net.js:601:20)
    --------------------
    at Protocol._enqueue (D:\wx_demo\server\node_modules\mysql\lib\protocol\Protocol.js:144:48)
    at PoolConnection.query (D:\wx_demo\server\node_modules\mysql\lib\Connection.js:200:25)
    at D:\wx_demo\server\app.js:82:12
    at Ping.onOperationComplete (D:\wx_demo\server\node_modules\mysql\lib\Pool.js:110:5)
    at Ping.<anonymous> (D:\wx_demo\server\node_modules\mysql\lib\Connection.js:502:10)
    at Ping._callback (D:\wx_demo\server\node_modules\mysql\lib\Connection.js:468:16)
    at Ping.Sequence.end (D:\wx_demo\server\node_modules\mysql\lib\protocol\sequences\Sequence.js:83:24)
    at Ping.Sequence.OkPacket (D:\wx_demo\server\node_modules\mysql\lib\protocol\sequences\Sequence.js:92:8)
    at Protocol._parsePacket (D:\wx_demo\server\node_modules\mysql\lib\protocol\Protocol.js:278:23)
    at Parser.write (D:\wx_demo\server\node_modules\mysql\lib\protocol\Parser.js:76:12)
    at Protocol.write (D:\wx_demo\server\node_modules\mysql\lib\protocol\Protocol.js:38:16)
    at Socket.<anonymous> (D:\wx_demo\server\node_modules\mysql\lib\Connection.js:91:28)
    at Socket.<anonymous> (D:\wx_demo\server\node_modules\mysql\lib\Connection.js:502:10)
    at emitOne (events.js:116:13)
    at Socket.emit (events.js:211:7)
    at addChunk (_stream_readable.js:263:12)
    at readableAddChunk (_stream_readable.js:250:11)
    at Socket.Readable.push (_stream_readable.js:208:10)
    at TCP.onread (net.js:601:20)
  code: 'ER_NO_REFERENCED_ROW_2',
  errno: 1452,
  sqlMessage: 'Cannot add or update a child row: a foreign key constraint fails (`wx_signin`.`annual_draw`, CONSTRAINT `annual_draw_ibfk_1` FOREIGN KEY (`prize_id`) REFERENCES `prize_manage` (`id`) ON DELETE CASCADE ON UPDATE CASCADE)',
  sqlState: '23000',
  index: 0,
  sql: 'INSERT INTO annual_draw(prize_id) VALUE("19")' }
[2018-11-16T11:08:27.653] [INFO] log_file - { Error: ER_NO_REFERENCED_ROW_2: Cannot add or update a child row: a foreign key constraint fails (`wx_signin`.`annual_draw`, CONSTRAINT `annual_draw_ibfk_1` FOREIGN KEY (`prize_id`) REFERENCES `prize_manage` (`id`) ON DELETE CASCADE ON UPDATE CASCADE)
    at Query.Sequence._packetToError (D:\wx_demo\server\node_modules\mysql\lib\protocol\sequences\Sequence.js:47:14)
    at Query.ErrorPacket (D:\wx_demo\server\node_modules\mysql\lib\protocol\sequences\Query.js:77:18)
    at Protocol._parsePacket (D:\wx_demo\server\node_modules\mysql\lib\protocol\Protocol.js:278:23)
    at Parser.write (D:\wx_demo\server\node_modules\mysql\lib\protocol\Parser.js:76:12)
    at Protocol.write (D:\wx_demo\server\node_modules\mysql\lib\protocol\Protocol.js:38:16)
    at Socket.<anonymous> (D:\wx_demo\server\node_modules\mysql\lib\Connection.js:91:28)
    at Socket.<anonymous> (D:\wx_demo\server\node_modules\mysql\lib\Connection.js:502:10)
    at emitOne (events.js:116:13)
    at Socket.emit (events.js:211:7)
    at addChunk (_stream_readable.js:263:12)
    at readableAddChunk (_stream_readable.js:250:11)
    at Socket.Readable.push (_stream_readable.js:208:10)
    at TCP.onread (net.js:601:20)
    --------------------
    at Protocol._enqueue (D:\wx_demo\server\node_modules\mysql\lib\protocol\Protocol.js:144:48)
    at PoolConnection.query (D:\wx_demo\server\node_modules\mysql\lib\Connection.js:200:25)
    at D:\wx_demo\server\app.js:82:12
    at Ping.onOperationComplete (D:\wx_demo\server\node_modules\mysql\lib\Pool.js:110:5)
    at Ping.<anonymous> (D:\wx_demo\server\node_modules\mysql\lib\Connection.js:502:10)
    at Ping._callback (D:\wx_demo\server\node_modules\mysql\lib\Connection.js:468:16)
    at Ping.Sequence.end (D:\wx_demo\server\node_modules\mysql\lib\protocol\sequences\Sequence.js:83:24)
    at Ping.Sequence.OkPacket (D:\wx_demo\server\node_modules\mysql\lib\protocol\sequences\Sequence.js:92:8)
    at Protocol._parsePacket (D:\wx_demo\server\node_modules\mysql\lib\protocol\Protocol.js:278:23)
    at Parser.write (D:\wx_demo\server\node_modules\mysql\lib\protocol\Parser.js:76:12)
    at Protocol.write (D:\wx_demo\server\node_modules\mysql\lib\protocol\Protocol.js:38:16)
    at Socket.<anonymous> (D:\wx_demo\server\node_modules\mysql\lib\Connection.js:91:28)
    at Socket.<anonymous> (D:\wx_demo\server\node_modules\mysql\lib\Connection.js:502:10)
    at emitOne (events.js:116:13)
    at Socket.emit (events.js:211:7)
    at addChunk (_stream_readable.js:263:12)
    at readableAddChunk (_stream_readable.js:250:11)
    at Socket.Readable.push (_stream_readable.js:208:10)
    at TCP.onread (net.js:601:20)
  code: 'ER_NO_REFERENCED_ROW_2',
  errno: 1452,
  sqlMessage: 'Cannot add or update a child row: a foreign key constraint fails (`wx_signin`.`annual_draw`, CONSTRAINT `annual_draw_ibfk_1` FOREIGN KEY (`prize_id`) REFERENCES `prize_manage` (`id`) ON DELETE CASCADE ON UPDATE CASCADE)',
  sqlState: '23000',
  index: 0,
  sql: 'INSERT INTO annual_draw(prize_id) VALUE("20")' }
[2018-11-16T11:08:54.921] [INFO] log_file - { Error: ER_NO_REFERENCED_ROW_2: Cannot add or update a child row: a foreign key constraint fails (`wx_signin`.`annual_draw`, CONSTRAINT `annual_draw_ibfk_1` FOREIGN KEY (`prize_id`) REFERENCES `prize_manage` (`id`) ON DELETE CASCADE ON UPDATE CASCADE)
    at Query.Sequence._packetToError (D:\wx_demo\server\node_modules\mysql\lib\protocol\sequences\Sequence.js:47:14)
    at Query.ErrorPacket (D:\wx_demo\server\node_modules\mysql\lib\protocol\sequences\Query.js:77:18)
    at Protocol._parsePacket (D:\wx_demo\server\node_modules\mysql\lib\protocol\Protocol.js:278:23)
    at Parser.write (D:\wx_demo\server\node_modules\mysql\lib\protocol\Parser.js:76:12)
    at Protocol.write (D:\wx_demo\server\node_modules\mysql\lib\protocol\Protocol.js:38:16)
    at Socket.<anonymous> (D:\wx_demo\server\node_modules\mysql\lib\Connection.js:91:28)
    at Socket.<anonymous> (D:\wx_demo\server\node_modules\mysql\lib\Connection.js:502:10)
    at emitOne (events.js:116:13)
    at Socket.emit (events.js:211:7)
    at addChunk (_stream_readable.js:263:12)
    at readableAddChunk (_stream_readable.js:250:11)
    at Socket.Readable.push (_stream_readable.js:208:10)
    at TCP.onread (net.js:601:20)
    --------------------
    at Protocol._enqueue (D:\wx_demo\server\node_modules\mysql\lib\protocol\Protocol.js:144:48)
    at PoolConnection.query (D:\wx_demo\server\node_modules\mysql\lib\Connection.js:200:25)
    at D:\wx_demo\server\app.js:82:12
    at Ping.onOperationComplete (D:\wx_demo\server\node_modules\mysql\lib\Pool.js:110:5)
    at Ping.<anonymous> (D:\wx_demo\server\node_modules\mysql\lib\Connection.js:502:10)
    at Ping._callback (D:\wx_demo\server\node_modules\mysql\lib\Connection.js:468:16)
    at Ping.Sequence.end (D:\wx_demo\server\node_modules\mysql\lib\protocol\sequences\Sequence.js:83:24)
    at Ping.Sequence.OkPacket (D:\wx_demo\server\node_modules\mysql\lib\protocol\sequences\Sequence.js:92:8)
    at Protocol._parsePacket (D:\wx_demo\server\node_modules\mysql\lib\protocol\Protocol.js:278:23)
    at Parser.write (D:\wx_demo\server\node_modules\mysql\lib\protocol\Parser.js:76:12)
    at Protocol.write (D:\wx_demo\server\node_modules\mysql\lib\protocol\Protocol.js:38:16)
    at Socket.<anonymous> (D:\wx_demo\server\node_modules\mysql\lib\Connection.js:91:28)
    at Socket.<anonymous> (D:\wx_demo\server\node_modules\mysql\lib\Connection.js:502:10)
    at emitOne (events.js:116:13)
    at Socket.emit (events.js:211:7)
    at addChunk (_stream_readable.js:263:12)
    at readableAddChunk (_stream_readable.js:250:11)
    at Socket.Readable.push (_stream_readable.js:208:10)
    at TCP.onread (net.js:601:20)
  code: 'ER_NO_REFERENCED_ROW_2',
  errno: 1452,
  sqlMessage: 'Cannot add or update a child row: a foreign key constraint fails (`wx_signin`.`annual_draw`, CONSTRAINT `annual_draw_ibfk_1` FOREIGN KEY (`prize_id`) REFERENCES `prize_manage` (`id`) ON DELETE CASCADE ON UPDATE CASCADE)',
  sqlState: '23000',
  index: 0,
  sql: 'INSERT INTO annual_draw(prize_id) VALUE("24")' }
[2018-11-16T11:08:54.923] [INFO] log_file - { Error: ER_NO_REFERENCED_ROW_2: Cannot add or update a child row: a foreign key constraint fails (`wx_signin`.`annual_draw`, CONSTRAINT `annual_draw_ibfk_1` FOREIGN KEY (`prize_id`) REFERENCES `prize_manage` (`id`) ON DELETE CASCADE ON UPDATE CASCADE)
    at Query.Sequence._packetToError (D:\wx_demo\server\node_modules\mysql\lib\protocol\sequences\Sequence.js:47:14)
    at Query.ErrorPacket (D:\wx_demo\server\node_modules\mysql\lib\protocol\sequences\Query.js:77:18)
    at Protocol._parsePacket (D:\wx_demo\server\node_modules\mysql\lib\protocol\Protocol.js:278:23)
    at Parser.write (D:\wx_demo\server\node_modules\mysql\lib\protocol\Parser.js:76:12)
    at Protocol.write (D:\wx_demo\server\node_modules\mysql\lib\protocol\Protocol.js:38:16)
    at Socket.<anonymous> (D:\wx_demo\server\node_modules\mysql\lib\Connection.js:91:28)
    at Socket.<anonymous> (D:\wx_demo\server\node_modules\mysql\lib\Connection.js:502:10)
    at emitOne (events.js:116:13)
    at Socket.emit (events.js:211:7)
    at addChunk (_stream_readable.js:263:12)
    at readableAddChunk (_stream_readable.js:250:11)
    at Socket.Readable.push (_stream_readable.js:208:10)
    at TCP.onread (net.js:601:20)
    --------------------
    at Protocol._enqueue (D:\wx_demo\server\node_modules\mysql\lib\protocol\Protocol.js:144:48)
    at PoolConnection.query (D:\wx_demo\server\node_modules\mysql\lib\Connection.js:200:25)
    at D:\wx_demo\server\app.js:82:12
    at Ping.onOperationComplete (D:\wx_demo\server\node_modules\mysql\lib\Pool.js:110:5)
    at Ping.<anonymous> (D:\wx_demo\server\node_modules\mysql\lib\Connection.js:502:10)
    at Ping._callback (D:\wx_demo\server\node_modules\mysql\lib\Connection.js:468:16)
    at Ping.Sequence.end (D:\wx_demo\server\node_modules\mysql\lib\protocol\sequences\Sequence.js:83:24)
    at Ping.Sequence.OkPacket (D:\wx_demo\server\node_modules\mysql\lib\protocol\sequences\Sequence.js:92:8)
    at Protocol._parsePacket (D:\wx_demo\server\node_modules\mysql\lib\protocol\Protocol.js:278:23)
    at Parser.write (D:\wx_demo\server\node_modules\mysql\lib\protocol\Parser.js:76:12)
    at Protocol.write (D:\wx_demo\server\node_modules\mysql\lib\protocol\Protocol.js:38:16)
    at Socket.<anonymous> (D:\wx_demo\server\node_modules\mysql\lib\Connection.js:91:28)
    at Socket.<anonymous> (D:\wx_demo\server\node_modules\mysql\lib\Connection.js:502:10)
    at emitOne (events.js:116:13)
    at Socket.emit (events.js:211:7)
    at addChunk (_stream_readable.js:263:12)
    at readableAddChunk (_stream_readable.js:250:11)
    at Socket.Readable.push (_stream_readable.js:208:10)
    at TCP.onread (net.js:601:20)
  code: 'ER_NO_REFERENCED_ROW_2',
  errno: 1452,
  sqlMessage: 'Cannot add or update a child row: a foreign key constraint fails (`wx_signin`.`annual_draw`, CONSTRAINT `annual_draw_ibfk_1` FOREIGN KEY (`prize_id`) REFERENCES `prize_manage` (`id`) ON DELETE CASCADE ON UPDATE CASCADE)',
  sqlState: '23000',
  index: 0,
  sql: 'INSERT INTO annual_draw(prize_id) VALUE("22")' }
[2018-11-16T11:08:54.924] [INFO] log_file - { Error: ER_NO_REFERENCED_ROW_2: Cannot add or update a child row: a foreign key constraint fails (`wx_signin`.`annual_draw`, CONSTRAINT `annual_draw_ibfk_1` FOREIGN KEY (`prize_id`) REFERENCES `prize_manage` (`id`) ON DELETE CASCADE ON UPDATE CASCADE)
    at Query.Sequence._packetToError (D:\wx_demo\server\node_modules\mysql\lib\protocol\sequences\Sequence.js:47:14)
    at Query.ErrorPacket (D:\wx_demo\server\node_modules\mysql\lib\protocol\sequences\Query.js:77:18)
    at Protocol._parsePacket (D:\wx_demo\server\node_modules\mysql\lib\protocol\Protocol.js:278:23)
    at Parser.write (D:\wx_demo\server\node_modules\mysql\lib\protocol\Parser.js:76:12)
    at Protocol.write (D:\wx_demo\server\node_modules\mysql\lib\protocol\Protocol.js:38:16)
    at Socket.<anonymous> (D:\wx_demo\server\node_modules\mysql\lib\Connection.js:91:28)
    at Socket.<anonymous> (D:\wx_demo\server\node_modules\mysql\lib\Connection.js:502:10)
    at emitOne (events.js:116:13)
    at Socket.emit (events.js:211:7)
    at addChunk (_stream_readable.js:263:12)
    at readableAddChunk (_stream_readable.js:250:11)
    at Socket.Readable.push (_stream_readable.js:208:10)
    at TCP.onread (net.js:601:20)
    --------------------
    at Protocol._enqueue (D:\wx_demo\server\node_modules\mysql\lib\protocol\Protocol.js:144:48)
    at PoolConnection.query (D:\wx_demo\server\node_modules\mysql\lib\Connection.js:200:25)
    at D:\wx_demo\server\app.js:82:12
    at Ping.onOperationComplete (D:\wx_demo\server\node_modules\mysql\lib\Pool.js:110:5)
    at Ping.<anonymous> (D:\wx_demo\server\node_modules\mysql\lib\Connection.js:502:10)
    at Ping._callback (D:\wx_demo\server\node_modules\mysql\lib\Connection.js:468:16)
    at Ping.Sequence.end (D:\wx_demo\server\node_modules\mysql\lib\protocol\sequences\Sequence.js:83:24)
    at Ping.Sequence.OkPacket (D:\wx_demo\server\node_modules\mysql\lib\protocol\sequences\Sequence.js:92:8)
    at Protocol._parsePacket (D:\wx_demo\server\node_modules\mysql\lib\protocol\Protocol.js:278:23)
    at Parser.write (D:\wx_demo\server\node_modules\mysql\lib\protocol\Parser.js:76:12)
    at Protocol.write (D:\wx_demo\server\node_modules\mysql\lib\protocol\Protocol.js:38:16)
    at Socket.<anonymous> (D:\wx_demo\server\node_modules\mysql\lib\Connection.js:91:28)
    at Socket.<anonymous> (D:\wx_demo\server\node_modules\mysql\lib\Connection.js:502:10)
    at emitOne (events.js:116:13)
    at Socket.emit (events.js:211:7)
    at addChunk (_stream_readable.js:263:12)
    at readableAddChunk (_stream_readable.js:250:11)
    at Socket.Readable.push (_stream_readable.js:208:10)
    at TCP.onread (net.js:601:20)
  code: 'ER_NO_REFERENCED_ROW_2',
  errno: 1452,
  sqlMessage: 'Cannot add or update a child row: a foreign key constraint fails (`wx_signin`.`annual_draw`, CONSTRAINT `annual_draw_ibfk_1` FOREIGN KEY (`prize_id`) REFERENCES `prize_manage` (`id`) ON DELETE CASCADE ON UPDATE CASCADE)',
  sqlState: '23000',
  index: 0,
  sql: 'INSERT INTO annual_draw(prize_id) VALUE("23")' }
[2018-11-16T11:08:58.749] [INFO] log_file - { Error: ER_NO_REFERENCED_ROW_2: Cannot add or update a child row: a foreign key constraint fails (`wx_signin`.`annual_draw`, CONSTRAINT `annual_draw_ibfk_1` FOREIGN KEY (`prize_id`) REFERENCES `prize_manage` (`id`) ON DELETE CASCADE ON UPDATE CASCADE)
    at Query.Sequence._packetToError (D:\wx_demo\server\node_modules\mysql\lib\protocol\sequences\Sequence.js:47:14)
    at Query.ErrorPacket (D:\wx_demo\server\node_modules\mysql\lib\protocol\sequences\Query.js:77:18)
    at Protocol._parsePacket (D:\wx_demo\server\node_modules\mysql\lib\protocol\Protocol.js:278:23)
    at Parser.write (D:\wx_demo\server\node_modules\mysql\lib\protocol\Parser.js:76:12)
    at Protocol.write (D:\wx_demo\server\node_modules\mysql\lib\protocol\Protocol.js:38:16)
    at Socket.<anonymous> (D:\wx_demo\server\node_modules\mysql\lib\Connection.js:91:28)
    at Socket.<anonymous> (D:\wx_demo\server\node_modules\mysql\lib\Connection.js:502:10)
    at emitOne (events.js:116:13)
    at Socket.emit (events.js:211:7)
    at addChunk (_stream_readable.js:263:12)
    at readableAddChunk (_stream_readable.js:250:11)
    at Socket.Readable.push (_stream_readable.js:208:10)
    at TCP.onread (net.js:601:20)
    --------------------
    at Protocol._enqueue (D:\wx_demo\server\node_modules\mysql\lib\protocol\Protocol.js:144:48)
    at PoolConnection.query (D:\wx_demo\server\node_modules\mysql\lib\Connection.js:200:25)
    at D:\wx_demo\server\app.js:82:12
    at Ping.onOperationComplete (D:\wx_demo\server\node_modules\mysql\lib\Pool.js:110:5)
    at Ping.<anonymous> (D:\wx_demo\server\node_modules\mysql\lib\Connection.js:502:10)
    at Ping._callback (D:\wx_demo\server\node_modules\mysql\lib\Connection.js:468:16)
    at Ping.Sequence.end (D:\wx_demo\server\node_modules\mysql\lib\protocol\sequences\Sequence.js:83:24)
    at Ping.Sequence.OkPacket (D:\wx_demo\server\node_modules\mysql\lib\protocol\sequences\Sequence.js:92:8)
    at Protocol._parsePacket (D:\wx_demo\server\node_modules\mysql\lib\protocol\Protocol.js:278:23)
    at Parser.write (D:\wx_demo\server\node_modules\mysql\lib\protocol\Parser.js:76:12)
    at Protocol.write (D:\wx_demo\server\node_modules\mysql\lib\protocol\Protocol.js:38:16)
    at Socket.<anonymous> (D:\wx_demo\server\node_modules\mysql\lib\Connection.js:91:28)
    at Socket.<anonymous> (D:\wx_demo\server\node_modules\mysql\lib\Connection.js:502:10)
    at emitOne (events.js:116:13)
    at Socket.emit (events.js:211:7)
    at addChunk (_stream_readable.js:263:12)
    at readableAddChunk (_stream_readable.js:250:11)
    at Socket.Readable.push (_stream_readable.js:208:10)
    at TCP.onread (net.js:601:20)
  code: 'ER_NO_REFERENCED_ROW_2',
  errno: 1452,
  sqlMessage: 'Cannot add or update a child row: a foreign key constraint fails (`wx_signin`.`annual_draw`, CONSTRAINT `annual_draw_ibfk_1` FOREIGN KEY (`prize_id`) REFERENCES `prize_manage` (`id`) ON DELETE CASCADE ON UPDATE CASCADE)',
  sqlState: '23000',
  index: 0,
  sql: 'INSERT INTO annual_draw(prize_id) VALUE("25")' }
[2018-11-16T11:09:46.021] [INFO] log_file - { Error: ER_NO_REFERENCED_ROW_2: Cannot add or update a child row: a foreign key constraint fails (`wx_signin`.`annual_draw`, CONSTRAINT `annual_draw_ibfk_1` FOREIGN KEY (`prize_id`) REFERENCES `prize_manage` (`id`) ON DELETE CASCADE ON UPDATE CASCADE)
    at Query.Sequence._packetToError (D:\wx_demo\server\node_modules\mysql\lib\protocol\sequences\Sequence.js:47:14)
    at Query.ErrorPacket (D:\wx_demo\server\node_modules\mysql\lib\protocol\sequences\Query.js:77:18)
    at Protocol._parsePacket (D:\wx_demo\server\node_modules\mysql\lib\protocol\Protocol.js:278:23)
    at Parser.write (D:\wx_demo\server\node_modules\mysql\lib\protocol\Parser.js:76:12)
    at Protocol.write (D:\wx_demo\server\node_modules\mysql\lib\protocol\Protocol.js:38:16)
    at Socket.<anonymous> (D:\wx_demo\server\node_modules\mysql\lib\Connection.js:91:28)
    at Socket.<anonymous> (D:\wx_demo\server\node_modules\mysql\lib\Connection.js:502:10)
    at emitOne (events.js:116:13)
    at Socket.emit (events.js:211:7)
    at addChunk (_stream_readable.js:263:12)
    at readableAddChunk (_stream_readable.js:250:11)
    at Socket.Readable.push (_stream_readable.js:208:10)
    at TCP.onread (net.js:601:20)
    --------------------
    at Protocol._enqueue (D:\wx_demo\server\node_modules\mysql\lib\protocol\Protocol.js:144:48)
    at PoolConnection.query (D:\wx_demo\server\node_modules\mysql\lib\Connection.js:200:25)
    at D:\wx_demo\server\app.js:82:12
    at Ping.onOperationComplete (D:\wx_demo\server\node_modules\mysql\lib\Pool.js:110:5)
    at Ping.<anonymous> (D:\wx_demo\server\node_modules\mysql\lib\Connection.js:502:10)
    at Ping._callback (D:\wx_demo\server\node_modules\mysql\lib\Connection.js:468:16)
    at Ping.Sequence.end (D:\wx_demo\server\node_modules\mysql\lib\protocol\sequences\Sequence.js:83:24)
    at Ping.Sequence.OkPacket (D:\wx_demo\server\node_modules\mysql\lib\protocol\sequences\Sequence.js:92:8)
    at Protocol._parsePacket (D:\wx_demo\server\node_modules\mysql\lib\protocol\Protocol.js:278:23)
    at Parser.write (D:\wx_demo\server\node_modules\mysql\lib\protocol\Parser.js:76:12)
    at Protocol.write (D:\wx_demo\server\node_modules\mysql\lib\protocol\Protocol.js:38:16)
    at Socket.<anonymous> (D:\wx_demo\server\node_modules\mysql\lib\Connection.js:91:28)
    at Socket.<anonymous> (D:\wx_demo\server\node_modules\mysql\lib\Connection.js:502:10)
    at emitOne (events.js:116:13)
    at Socket.emit (events.js:211:7)
    at addChunk (_stream_readable.js:263:12)
    at readableAddChunk (_stream_readable.js:250:11)
    at Socket.Readable.push (_stream_readable.js:208:10)
    at TCP.onread (net.js:601:20)
  code: 'ER_NO_REFERENCED_ROW_2',
  errno: 1452,
  sqlMessage: 'Cannot add or update a child row: a foreign key constraint fails (`wx_signin`.`annual_draw`, CONSTRAINT `annual_draw_ibfk_1` FOREIGN KEY (`prize_id`) REFERENCES `prize_manage` (`id`) ON DELETE CASCADE ON UPDATE CASCADE)',
  sqlState: '23000',
  index: 0,
  sql: 'INSERT INTO annual_draw(prize_id) VALUE("28")' }
[2018-11-16T11:09:46.022] [INFO] log_file - { Error: ER_NO_REFERENCED_ROW_2: Cannot add or update a child row: a foreign key constraint fails (`wx_signin`.`annual_draw`, CONSTRAINT `annual_draw_ibfk_1` FOREIGN KEY (`prize_id`) REFERENCES `prize_manage` (`id`) ON DELETE CASCADE ON UPDATE CASCADE)
    at Query.Sequence._packetToError (D:\wx_demo\server\node_modules\mysql\lib\protocol\sequences\Sequence.js:47:14)
    at Query.ErrorPacket (D:\wx_demo\server\node_modules\mysql\lib\protocol\sequences\Query.js:77:18)
    at Protocol._parsePacket (D:\wx_demo\server\node_modules\mysql\lib\protocol\Protocol.js:278:23)
    at Parser.write (D:\wx_demo\server\node_modules\mysql\lib\protocol\Parser.js:76:12)
    at Protocol.write (D:\wx_demo\server\node_modules\mysql\lib\protocol\Protocol.js:38:16)
    at Socket.<anonymous> (D:\wx_demo\server\node_modules\mysql\lib\Connection.js:91:28)
    at Socket.<anonymous> (D:\wx_demo\server\node_modules\mysql\lib\Connection.js:502:10)
    at emitOne (events.js:116:13)
    at Socket.emit (events.js:211:7)
    at addChunk (_stream_readable.js:263:12)
    at readableAddChunk (_stream_readable.js:250:11)
    at Socket.Readable.push (_stream_readable.js:208:10)
    at TCP.onread (net.js:601:20)
    --------------------
    at Protocol._enqueue (D:\wx_demo\server\node_modules\mysql\lib\protocol\Protocol.js:144:48)
    at PoolConnection.query (D:\wx_demo\server\node_modules\mysql\lib\Connection.js:200:25)
    at D:\wx_demo\server\app.js:82:12
    at Ping.onOperationComplete (D:\wx_demo\server\node_modules\mysql\lib\Pool.js:110:5)
    at Ping.<anonymous> (D:\wx_demo\server\node_modules\mysql\lib\Connection.js:502:10)
    at Ping._callback (D:\wx_demo\server\node_modules\mysql\lib\Connection.js:468:16)
    at Ping.Sequence.end (D:\wx_demo\server\node_modules\mysql\lib\protocol\sequences\Sequence.js:83:24)
    at Ping.Sequence.OkPacket (D:\wx_demo\server\node_modules\mysql\lib\protocol\sequences\Sequence.js:92:8)
    at Protocol._parsePacket (D:\wx_demo\server\node_modules\mysql\lib\protocol\Protocol.js:278:23)
    at Parser.write (D:\wx_demo\server\node_modules\mysql\lib\protocol\Parser.js:76:12)
    at Protocol.write (D:\wx_demo\server\node_modules\mysql\lib\protocol\Protocol.js:38:16)
    at Socket.<anonymous> (D:\wx_demo\server\node_modules\mysql\lib\Connection.js:91:28)
    at Socket.<anonymous> (D:\wx_demo\server\node_modules\mysql\lib\Connection.js:502:10)
    at emitOne (events.js:116:13)
    at Socket.emit (events.js:211:7)
    at addChunk (_stream_readable.js:263:12)
    at readableAddChunk (_stream_readable.js:250:11)
    at Socket.Readable.push (_stream_readable.js:208:10)
    at TCP.onread (net.js:601:20)
  code: 'ER_NO_REFERENCED_ROW_2',
  errno: 1452,
  sqlMessage: 'Cannot add or update a child row: a foreign key constraint fails (`wx_signin`.`annual_draw`, CONSTRAINT `annual_draw_ibfk_1` FOREIGN KEY (`prize_id`) REFERENCES `prize_manage` (`id`) ON DELETE CASCADE ON UPDATE CASCADE)',
  sqlState: '23000',
  index: 0,
  sql: 'INSERT INTO annual_draw(prize_id) VALUE("27")' }
[2018-11-16T11:09:46.023] [INFO] log_file - { Error: ER_NO_REFERENCED_ROW_2: Cannot add or update a child row: a foreign key constraint fails (`wx_signin`.`annual_draw`, CONSTRAINT `annual_draw_ibfk_1` FOREIGN KEY (`prize_id`) REFERENCES `prize_manage` (`id`) ON DELETE CASCADE ON UPDATE CASCADE)
    at Query.Sequence._packetToError (D:\wx_demo\server\node_modules\mysql\lib\protocol\sequences\Sequence.js:47:14)
    at Query.ErrorPacket (D:\wx_demo\server\node_modules\mysql\lib\protocol\sequences\Query.js:77:18)
    at Protocol._parsePacket (D:\wx_demo\server\node_modules\mysql\lib\protocol\Protocol.js:278:23)
    at Parser.write (D:\wx_demo\server\node_modules\mysql\lib\protocol\Parser.js:76:12)
    at Protocol.write (D:\wx_demo\server\node_modules\mysql\lib\protocol\Protocol.js:38:16)
    at Socket.<anonymous> (D:\wx_demo\server\node_modules\mysql\lib\Connection.js:91:28)
    at Socket.<anonymous> (D:\wx_demo\server\node_modules\mysql\lib\Connection.js:502:10)
    at emitOne (events.js:116:13)
    at Socket.emit (events.js:211:7)
    at addChunk (_stream_readable.js:263:12)
    at readableAddChunk (_stream_readable.js:250:11)
    at Socket.Readable.push (_stream_readable.js:208:10)
    at TCP.onread (net.js:601:20)
    --------------------
    at Protocol._enqueue (D:\wx_demo\server\node_modules\mysql\lib\protocol\Protocol.js:144:48)
    at PoolConnection.query (D:\wx_demo\server\node_modules\mysql\lib\Connection.js:200:25)
    at D:\wx_demo\server\app.js:82:12
    at Ping.onOperationComplete (D:\wx_demo\server\node_modules\mysql\lib\Pool.js:110:5)
    at Ping.<anonymous> (D:\wx_demo\server\node_modules\mysql\lib\Connection.js:502:10)
    at Ping._callback (D:\wx_demo\server\node_modules\mysql\lib\Connection.js:468:16)
    at Ping.Sequence.end (D:\wx_demo\server\node_modules\mysql\lib\protocol\sequences\Sequence.js:83:24)
    at Ping.Sequence.OkPacket (D:\wx_demo\server\node_modules\mysql\lib\protocol\sequences\Sequence.js:92:8)
    at Protocol._parsePacket (D:\wx_demo\server\node_modules\mysql\lib\protocol\Protocol.js:278:23)
    at Parser.write (D:\wx_demo\server\node_modules\mysql\lib\protocol\Parser.js:76:12)
    at Protocol.write (D:\wx_demo\server\node_modules\mysql\lib\protocol\Protocol.js:38:16)
    at Socket.<anonymous> (D:\wx_demo\server\node_modules\mysql\lib\Connection.js:91:28)
    at Socket.<anonymous> (D:\wx_demo\server\node_modules\mysql\lib\Connection.js:502:10)
    at emitOne (events.js:116:13)
    at Socket.emit (events.js:211:7)
    at addChunk (_stream_readable.js:263:12)
    at readableAddChunk (_stream_readable.js:250:11)
    at Socket.Readable.push (_stream_readable.js:208:10)
    at TCP.onread (net.js:601:20)
  code: 'ER_NO_REFERENCED_ROW_2',
  errno: 1452,
  sqlMessage: 'Cannot add or update a child row: a foreign key constraint fails (`wx_signin`.`annual_draw`, CONSTRAINT `annual_draw_ibfk_1` FOREIGN KEY (`prize_id`) REFERENCES `prize_manage` (`id`) ON DELETE CASCADE ON UPDATE CASCADE)',
  sqlState: '23000',
  index: 0,
  sql: 'INSERT INTO annual_draw(prize_id) VALUE("26")' }
[2018-11-16T11:10:02.306] [INFO] log_file - { Error: ER_NO_REFERENCED_ROW_2: Cannot add or update a child row: a foreign key constraint fails (`wx_signin`.`annual_draw`, CONSTRAINT `annual_draw_ibfk_1` FOREIGN KEY (`prize_id`) REFERENCES `prize_manage` (`id`) ON DELETE CASCADE ON UPDATE CASCADE)
    at Query.Sequence._packetToError (D:\wx_demo\server\node_modules\mysql\lib\protocol\sequences\Sequence.js:47:14)
    at Query.ErrorPacket (D:\wx_demo\server\node_modules\mysql\lib\protocol\sequences\Query.js:77:18)
    at Protocol._parsePacket (D:\wx_demo\server\node_modules\mysql\lib\protocol\Protocol.js:278:23)
    at Parser.write (D:\wx_demo\server\node_modules\mysql\lib\protocol\Parser.js:76:12)
    at Protocol.write (D:\wx_demo\server\node_modules\mysql\lib\protocol\Protocol.js:38:16)
    at Socket.<anonymous> (D:\wx_demo\server\node_modules\mysql\lib\Connection.js:91:28)
    at Socket.<anonymous> (D:\wx_demo\server\node_modules\mysql\lib\Connection.js:502:10)
    at emitOne (events.js:116:13)
    at Socket.emit (events.js:211:7)
    at addChunk (_stream_readable.js:263:12)
    at readableAddChunk (_stream_readable.js:250:11)
    at Socket.Readable.push (_stream_readable.js:208:10)
    at TCP.onread (net.js:601:20)
    --------------------
    at Protocol._enqueue (D:\wx_demo\server\node_modules\mysql\lib\protocol\Protocol.js:144:48)
    at PoolConnection.query (D:\wx_demo\server\node_modules\mysql\lib\Connection.js:200:25)
    at D:\wx_demo\server\app.js:82:12
    at Ping.onOperationComplete (D:\wx_demo\server\node_modules\mysql\lib\Pool.js:110:5)
    at Ping.<anonymous> (D:\wx_demo\server\node_modules\mysql\lib\Connection.js:502:10)
    at Ping._callback (D:\wx_demo\server\node_modules\mysql\lib\Connection.js:468:16)
    at Ping.Sequence.end (D:\wx_demo\server\node_modules\mysql\lib\protocol\sequences\Sequence.js:83:24)
    at Ping.Sequence.OkPacket (D:\wx_demo\server\node_modules\mysql\lib\protocol\sequences\Sequence.js:92:8)
    at Protocol._parsePacket (D:\wx_demo\server\node_modules\mysql\lib\protocol\Protocol.js:278:23)
    at Parser.write (D:\wx_demo\server\node_modules\mysql\lib\protocol\Parser.js:76:12)
    at Protocol.write (D:\wx_demo\server\node_modules\mysql\lib\protocol\Protocol.js:38:16)
    at Socket.<anonymous> (D:\wx_demo\server\node_modules\mysql\lib\Connection.js:91:28)
    at Socket.<anonymous> (D:\wx_demo\server\node_modules\mysql\lib\Connection.js:502:10)
    at emitOne (events.js:116:13)
    at Socket.emit (events.js:211:7)
    at addChunk (_stream_readable.js:263:12)
    at readableAddChunk (_stream_readable.js:250:11)
    at Socket.Readable.push (_stream_readable.js:208:10)
    at TCP.onread (net.js:601:20)
  code: 'ER_NO_REFERENCED_ROW_2',
  errno: 1452,
  sqlMessage: 'Cannot add or update a child row: a foreign key constraint fails (`wx_signin`.`annual_draw`, CONSTRAINT `annual_draw_ibfk_1` FOREIGN KEY (`prize_id`) REFERENCES `prize_manage` (`id`) ON DELETE CASCADE ON UPDATE CASCADE)',
  sqlState: '23000',
  index: 0,
  sql: 'INSERT INTO annual_draw(prize_id) VALUE("29")' }
[2018-11-16T11:10:02.311] [INFO] log_file - { Error: ER_NO_REFERENCED_ROW_2: Cannot add or update a child row: a foreign key constraint fails (`wx_signin`.`annual_draw`, CONSTRAINT `annual_draw_ibfk_1` FOREIGN KEY (`prize_id`) REFERENCES `prize_manage` (`id`) ON DELETE CASCADE ON UPDATE CASCADE)
    at Query.Sequence._packetToError (D:\wx_demo\server\node_modules\mysql\lib\protocol\sequences\Sequence.js:47:14)
    at Query.ErrorPacket (D:\wx_demo\server\node_modules\mysql\lib\protocol\sequences\Query.js:77:18)
    at Protocol._parsePacket (D:\wx_demo\server\node_modules\mysql\lib\protocol\Protocol.js:278:23)
    at Parser.write (D:\wx_demo\server\node_modules\mysql\lib\protocol\Parser.js:76:12)
    at Protocol.write (D:\wx_demo\server\node_modules\mysql\lib\protocol\Protocol.js:38:16)
    at Socket.<anonymous> (D:\wx_demo\server\node_modules\mysql\lib\Connection.js:91:28)
    at Socket.<anonymous> (D:\wx_demo\server\node_modules\mysql\lib\Connection.js:502:10)
    at emitOne (events.js:116:13)
    at Socket.emit (events.js:211:7)
    at addChunk (_stream_readable.js:263:12)
    at readableAddChunk (_stream_readable.js:250:11)
    at Socket.Readable.push (_stream_readable.js:208:10)
    at TCP.onread (net.js:601:20)
    --------------------
    at Protocol._enqueue (D:\wx_demo\server\node_modules\mysql\lib\protocol\Protocol.js:144:48)
    at PoolConnection.query (D:\wx_demo\server\node_modules\mysql\lib\Connection.js:200:25)
    at D:\wx_demo\server\app.js:82:12
    at Ping.onOperationComplete (D:\wx_demo\server\node_modules\mysql\lib\Pool.js:110:5)
    at Ping.<anonymous> (D:\wx_demo\server\node_modules\mysql\lib\Connection.js:502:10)
    at Ping._callback (D:\wx_demo\server\node_modules\mysql\lib\Connection.js:468:16)
    at Ping.Sequence.end (D:\wx_demo\server\node_modules\mysql\lib\protocol\sequences\Sequence.js:83:24)
    at Ping.Sequence.OkPacket (D:\wx_demo\server\node_modules\mysql\lib\protocol\sequences\Sequence.js:92:8)
    at Protocol._parsePacket (D:\wx_demo\server\node_modules\mysql\lib\protocol\Protocol.js:278:23)
    at Parser.write (D:\wx_demo\server\node_modules\mysql\lib\protocol\Parser.js:76:12)
    at Protocol.write (D:\wx_demo\server\node_modules\mysql\lib\protocol\Protocol.js:38:16)
    at Socket.<anonymous> (D:\wx_demo\server\node_modules\mysql\lib\Connection.js:91:28)
    at Socket.<anonymous> (D:\wx_demo\server\node_modules\mysql\lib\Connection.js:502:10)
    at emitOne (events.js:116:13)
    at Socket.emit (events.js:211:7)
    at addChunk (_stream_readable.js:263:12)
    at readableAddChunk (_stream_readable.js:250:11)
    at Socket.Readable.push (_stream_readable.js:208:10)
    at TCP.onread (net.js:601:20)
  code: 'ER_NO_REFERENCED_ROW_2',
  errno: 1452,
  sqlMessage: 'Cannot add or update a child row: a foreign key constraint fails (`wx_signin`.`annual_draw`, CONSTRAINT `annual_draw_ibfk_1` FOREIGN KEY (`prize_id`) REFERENCES `prize_manage` (`id`) ON DELETE CASCADE ON UPDATE CASCADE)',
  sqlState: '23000',
  index: 0,
  sql: 'INSERT INTO annual_draw(prize_id) VALUE("33")' }
[2018-11-16T11:10:02.315] [INFO] log_file - { Error: ER_NO_REFERENCED_ROW_2: Cannot add or update a child row: a foreign key constraint fails (`wx_signin`.`annual_draw`, CONSTRAINT `annual_draw_ibfk_1` FOREIGN KEY (`prize_id`) REFERENCES `prize_manage` (`id`) ON DELETE CASCADE ON UPDATE CASCADE)
    at Query.Sequence._packetToError (D:\wx_demo\server\node_modules\mysql\lib\protocol\sequences\Sequence.js:47:14)
    at Query.ErrorPacket (D:\wx_demo\server\node_modules\mysql\lib\protocol\sequences\Query.js:77:18)
    at Protocol._parsePacket (D:\wx_demo\server\node_modules\mysql\lib\protocol\Protocol.js:278:23)
    at Parser.write (D:\wx_demo\server\node_modules\mysql\lib\protocol\Parser.js:76:12)
    at Protocol.write (D:\wx_demo\server\node_modules\mysql\lib\protocol\Protocol.js:38:16)
    at Socket.<anonymous> (D:\wx_demo\server\node_modules\mysql\lib\Connection.js:91:28)
    at Socket.<anonymous> (D:\wx_demo\server\node_modules\mysql\lib\Connection.js:502:10)
    at emitOne (events.js:116:13)
    at Socket.emit (events.js:211:7)
    at addChunk (_stream_readable.js:263:12)
    at readableAddChunk (_stream_readable.js:250:11)
    at Socket.Readable.push (_stream_readable.js:208:10)
    at TCP.onread (net.js:601:20)
    --------------------
    at Protocol._enqueue (D:\wx_demo\server\node_modules\mysql\lib\protocol\Protocol.js:144:48)
    at PoolConnection.query (D:\wx_demo\server\node_modules\mysql\lib\Connection.js:200:25)
    at D:\wx_demo\server\app.js:82:12
    at Ping.onOperationComplete (D:\wx_demo\server\node_modules\mysql\lib\Pool.js:110:5)
    at Ping.<anonymous> (D:\wx_demo\server\node_modules\mysql\lib\Connection.js:502:10)
    at Ping._callback (D:\wx_demo\server\node_modules\mysql\lib\Connection.js:468:16)
    at Ping.Sequence.end (D:\wx_demo\server\node_modules\mysql\lib\protocol\sequences\Sequence.js:83:24)
    at Ping.Sequence.OkPacket (D:\wx_demo\server\node_modules\mysql\lib\protocol\sequences\Sequence.js:92:8)
    at Protocol._parsePacket (D:\wx_demo\server\node_modules\mysql\lib\protocol\Protocol.js:278:23)
    at Parser.write (D:\wx_demo\server\node_modules\mysql\lib\protocol\Parser.js:76:12)
    at Protocol.write (D:\wx_demo\server\node_modules\mysql\lib\protocol\Protocol.js:38:16)
    at Socket.<anonymous> (D:\wx_demo\server\node_modules\mysql\lib\Connection.js:91:28)
    at Socket.<anonymous> (D:\wx_demo\server\node_modules\mysql\lib\Connection.js:502:10)
    at emitOne (events.js:116:13)
    at Socket.emit (events.js:211:7)
    at addChunk (_stream_readable.js:263:12)
    at readableAddChunk (_stream_readable.js:250:11)
    at Socket.Readable.push (_stream_readable.js:208:10)
    at TCP.onread (net.js:601:20)
  code: 'ER_NO_REFERENCED_ROW_2',
  errno: 1452,
  sqlMessage: 'Cannot add or update a child row: a foreign key constraint fails (`wx_signin`.`annual_draw`, CONSTRAINT `annual_draw_ibfk_1` FOREIGN KEY (`prize_id`) REFERENCES `prize_manage` (`id`) ON DELETE CASCADE ON UPDATE CASCADE)',
  sqlState: '23000',
  index: 0,
  sql: 'INSERT INTO annual_draw(prize_id) VALUE("30")' }
[2018-11-16T11:10:02.316] [INFO] log_file - { Error: ER_NO_REFERENCED_ROW_2: Cannot add or update a child row: a foreign key constraint fails (`wx_signin`.`annual_draw`, CONSTRAINT `annual_draw_ibfk_1` FOREIGN KEY (`prize_id`) REFERENCES `prize_manage` (`id`) ON DELETE CASCADE ON UPDATE CASCADE)
    at Query.Sequence._packetToError (D:\wx_demo\server\node_modules\mysql\lib\protocol\sequences\Sequence.js:47:14)
    at Query.ErrorPacket (D:\wx_demo\server\node_modules\mysql\lib\protocol\sequences\Query.js:77:18)
    at Protocol._parsePacket (D:\wx_demo\server\node_modules\mysql\lib\protocol\Protocol.js:278:23)
    at Parser.write (D:\wx_demo\server\node_modules\mysql\lib\protocol\Parser.js:76:12)
    at Protocol.write (D:\wx_demo\server\node_modules\mysql\lib\protocol\Protocol.js:38:16)
    at Socket.<anonymous> (D:\wx_demo\server\node_modules\mysql\lib\Connection.js:91:28)
    at Socket.<anonymous> (D:\wx_demo\server\node_modules\mysql\lib\Connection.js:502:10)
    at emitOne (events.js:116:13)
    at Socket.emit (events.js:211:7)
    at addChunk (_stream_readable.js:263:12)
    at readableAddChunk (_stream_readable.js:250:11)
    at Socket.Readable.push (_stream_readable.js:208:10)
    at TCP.onread (net.js:601:20)
    --------------------
    at Protocol._enqueue (D:\wx_demo\server\node_modules\mysql\lib\protocol\Protocol.js:144:48)
    at PoolConnection.query (D:\wx_demo\server\node_modules\mysql\lib\Connection.js:200:25)
    at D:\wx_demo\server\app.js:82:12
    at Ping.onOperationComplete (D:\wx_demo\server\node_modules\mysql\lib\Pool.js:110:5)
    at Ping.<anonymous> (D:\wx_demo\server\node_modules\mysql\lib\Connection.js:502:10)
    at Ping._callback (D:\wx_demo\server\node_modules\mysql\lib\Connection.js:468:16)
    at Ping.Sequence.end (D:\wx_demo\server\node_modules\mysql\lib\protocol\sequences\Sequence.js:83:24)
    at Ping.Sequence.OkPacket (D:\wx_demo\server\node_modules\mysql\lib\protocol\sequences\Sequence.js:92:8)
    at Protocol._parsePacket (D:\wx_demo\server\node_modules\mysql\lib\protocol\Protocol.js:278:23)
    at Parser.write (D:\wx_demo\server\node_modules\mysql\lib\protocol\Parser.js:76:12)
    at Protocol.write (D:\wx_demo\server\node_modules\mysql\lib\protocol\Protocol.js:38:16)
    at Socket.<anonymous> (D:\wx_demo\server\node_modules\mysql\lib\Connection.js:91:28)
    at Socket.<anonymous> (D:\wx_demo\server\node_modules\mysql\lib\Connection.js:502:10)
    at emitOne (events.js:116:13)
    at Socket.emit (events.js:211:7)
    at addChunk (_stream_readable.js:263:12)
    at readableAddChunk (_stream_readable.js:250:11)
    at Socket.Readable.push (_stream_readable.js:208:10)
    at TCP.onread (net.js:601:20)
  code: 'ER_NO_REFERENCED_ROW_2',
  errno: 1452,
  sqlMessage: 'Cannot add or update a child row: a foreign key constraint fails (`wx_signin`.`annual_draw`, CONSTRAINT `annual_draw_ibfk_1` FOREIGN KEY (`prize_id`) REFERENCES `prize_manage` (`id`) ON DELETE CASCADE ON UPDATE CASCADE)',
  sqlState: '23000',
  index: 0,
  sql: 'INSERT INTO annual_draw(prize_id) VALUE("32")' }
[2018-11-16T11:10:02.317] [INFO] log_file - { Error: ER_NO_REFERENCED_ROW_2: Cannot add or update a child row: a foreign key constraint fails (`wx_signin`.`annual_draw`, CONSTRAINT `annual_draw_ibfk_1` FOREIGN KEY (`prize_id`) REFERENCES `prize_manage` (`id`) ON DELETE CASCADE ON UPDATE CASCADE)
    at Query.Sequence._packetToError (D:\wx_demo\server\node_modules\mysql\lib\protocol\sequences\Sequence.js:47:14)
    at Query.ErrorPacket (D:\wx_demo\server\node_modules\mysql\lib\protocol\sequences\Query.js:77:18)
    at Protocol._parsePacket (D:\wx_demo\server\node_modules\mysql\lib\protocol\Protocol.js:278:23)
    at Parser.write (D:\wx_demo\server\node_modules\mysql\lib\protocol\Parser.js:76:12)
    at Protocol.write (D:\wx_demo\server\node_modules\mysql\lib\protocol\Protocol.js:38:16)
    at Socket.<anonymous> (D:\wx_demo\server\node_modules\mysql\lib\Connection.js:91:28)
    at Socket.<anonymous> (D:\wx_demo\server\node_modules\mysql\lib\Connection.js:502:10)
    at emitOne (events.js:116:13)
    at Socket.emit (events.js:211:7)
    at addChunk (_stream_readable.js:263:12)
    at readableAddChunk (_stream_readable.js:250:11)
    at Socket.Readable.push (_stream_readable.js:208:10)
    at TCP.onread (net.js:601:20)
    --------------------
    at Protocol._enqueue (D:\wx_demo\server\node_modules\mysql\lib\protocol\Protocol.js:144:48)
    at PoolConnection.query (D:\wx_demo\server\node_modules\mysql\lib\Connection.js:200:25)
    at D:\wx_demo\server\app.js:82:12
    at Ping.onOperationComplete (D:\wx_demo\server\node_modules\mysql\lib\Pool.js:110:5)
    at Ping.<anonymous> (D:\wx_demo\server\node_modules\mysql\lib\Connection.js:502:10)
    at Ping._callback (D:\wx_demo\server\node_modules\mysql\lib\Connection.js:468:16)
    at Ping.Sequence.end (D:\wx_demo\server\node_modules\mysql\lib\protocol\sequences\Sequence.js:83:24)
    at Ping.Sequence.OkPacket (D:\wx_demo\server\node_modules\mysql\lib\protocol\sequences\Sequence.js:92:8)
    at Protocol._parsePacket (D:\wx_demo\server\node_modules\mysql\lib\protocol\Protocol.js:278:23)
    at Parser.write (D:\wx_demo\server\node_modules\mysql\lib\protocol\Parser.js:76:12)
    at Protocol.write (D:\wx_demo\server\node_modules\mysql\lib\protocol\Protocol.js:38:16)
    at Socket.<anonymous> (D:\wx_demo\server\node_modules\mysql\lib\Connection.js:91:28)
    at Socket.<anonymous> (D:\wx_demo\server\node_modules\mysql\lib\Connection.js:502:10)
    at emitOne (events.js:116:13)
    at Socket.emit (events.js:211:7)
    at addChunk (_stream_readable.js:263:12)
    at readableAddChunk (_stream_readable.js:250:11)
    at Socket.Readable.push (_stream_readable.js:208:10)
    at TCP.onread (net.js:601:20)
  code: 'ER_NO_REFERENCED_ROW_2',
  errno: 1452,
  sqlMessage: 'Cannot add or update a child row: a foreign key constraint fails (`wx_signin`.`annual_draw`, CONSTRAINT `annual_draw_ibfk_1` FOREIGN KEY (`prize_id`) REFERENCES `prize_manage` (`id`) ON DELETE CASCADE ON UPDATE CASCADE)',
  sqlState: '23000',
  index: 0,
  sql: 'INSERT INTO annual_draw(prize_id) VALUE("31")' }
[2018-11-16T11:10:02.318] [INFO] log_file - { Error: ER_NO_REFERENCED_ROW_2: Cannot add or update a child row: a foreign key constraint fails (`wx_signin`.`annual_draw`, CONSTRAINT `annual_draw_ibfk_1` FOREIGN KEY (`prize_id`) REFERENCES `prize_manage` (`id`) ON DELETE CASCADE ON UPDATE CASCADE)
    at Query.Sequence._packetToError (D:\wx_demo\server\node_modules\mysql\lib\protocol\sequences\Sequence.js:47:14)
    at Query.ErrorPacket (D:\wx_demo\server\node_modules\mysql\lib\protocol\sequences\Query.js:77:18)
    at Protocol._parsePacket (D:\wx_demo\server\node_modules\mysql\lib\protocol\Protocol.js:278:23)
    at Parser.write (D:\wx_demo\server\node_modules\mysql\lib\protocol\Parser.js:76:12)
    at Protocol.write (D:\wx_demo\server\node_modules\mysql\lib\protocol\Protocol.js:38:16)
    at Socket.<anonymous> (D:\wx_demo\server\node_modules\mysql\lib\Connection.js:91:28)
    at Socket.<anonymous> (D:\wx_demo\server\node_modules\mysql\lib\Connection.js:502:10)
    at emitOne (events.js:116:13)
    at Socket.emit (events.js:211:7)
    at addChunk (_stream_readable.js:263:12)
    at readableAddChunk (_stream_readable.js:250:11)
    at Socket.Readable.push (_stream_readable.js:208:10)
    at TCP.onread (net.js:601:20)
    --------------------
    at Protocol._enqueue (D:\wx_demo\server\node_modules\mysql\lib\protocol\Protocol.js:144:48)
    at PoolConnection.query (D:\wx_demo\server\node_modules\mysql\lib\Connection.js:200:25)
    at D:\wx_demo\server\app.js:82:12
    at Ping.onOperationComplete (D:\wx_demo\server\node_modules\mysql\lib\Pool.js:110:5)
    at Ping.<anonymous> (D:\wx_demo\server\node_modules\mysql\lib\Connection.js:502:10)
    at Ping._callback (D:\wx_demo\server\node_modules\mysql\lib\Connection.js:468:16)
    at Ping.Sequence.end (D:\wx_demo\server\node_modules\mysql\lib\protocol\sequences\Sequence.js:83:24)
    at Ping.Sequence.OkPacket (D:\wx_demo\server\node_modules\mysql\lib\protocol\sequences\Sequence.js:92:8)
    at Protocol._parsePacket (D:\wx_demo\server\node_modules\mysql\lib\protocol\Protocol.js:278:23)
    at Parser.write (D:\wx_demo\server\node_modules\mysql\lib\protocol\Parser.js:76:12)
    at Protocol.write (D:\wx_demo\server\node_modules\mysql\lib\protocol\Protocol.js:38:16)
    at Socket.<anonymous> (D:\wx_demo\server\node_modules\mysql\lib\Connection.js:91:28)
    at Socket.<anonymous> (D:\wx_demo\server\node_modules\mysql\lib\Connection.js:502:10)
    at emitOne (events.js:116:13)
    at Socket.emit (events.js:211:7)
    at addChunk (_stream_readable.js:263:12)
    at readableAddChunk (_stream_readable.js:250:11)
    at Socket.Readable.push (_stream_readable.js:208:10)
    at TCP.onread (net.js:601:20)
  code: 'ER_NO_REFERENCED_ROW_2',
  errno: 1452,
  sqlMessage: 'Cannot add or update a child row: a foreign key constraint fails (`wx_signin`.`annual_draw`, CONSTRAINT `annual_draw_ibfk_1` FOREIGN KEY (`prize_id`) REFERENCES `prize_manage` (`id`) ON DELETE CASCADE ON UPDATE CASCADE)',
  sqlState: '23000',
  index: 0,
  sql: 'INSERT INTO annual_draw(prize_id) VALUE("34")' }
[2018-11-16T11:10:14.604] [INFO] log_file - { Error: ER_NO_REFERENCED_ROW_2: Cannot add or update a child row: a foreign key constraint fails (`wx_signin`.`annual_draw`, CONSTRAINT `annual_draw_ibfk_1` FOREIGN KEY (`prize_id`) REFERENCES `prize_manage` (`id`) ON DELETE CASCADE ON UPDATE CASCADE)
    at Query.Sequence._packetToError (D:\wx_demo\server\node_modules\mysql\lib\protocol\sequences\Sequence.js:47:14)
    at Query.ErrorPacket (D:\wx_demo\server\node_modules\mysql\lib\protocol\sequences\Query.js:77:18)
    at Protocol._parsePacket (D:\wx_demo\server\node_modules\mysql\lib\protocol\Protocol.js:278:23)
    at Parser.write (D:\wx_demo\server\node_modules\mysql\lib\protocol\Parser.js:76:12)
    at Protocol.write (D:\wx_demo\server\node_modules\mysql\lib\protocol\Protocol.js:38:16)
    at Socket.<anonymous> (D:\wx_demo\server\node_modules\mysql\lib\Connection.js:91:28)
    at Socket.<anonymous> (D:\wx_demo\server\node_modules\mysql\lib\Connection.js:502:10)
    at emitOne (events.js:116:13)
    at Socket.emit (events.js:211:7)
    at addChunk (_stream_readable.js:263:12)
    at readableAddChunk (_stream_readable.js:250:11)
    at Socket.Readable.push (_stream_readable.js:208:10)
    at TCP.onread (net.js:601:20)
    --------------------
    at Protocol._enqueue (D:\wx_demo\server\node_modules\mysql\lib\protocol\Protocol.js:144:48)
    at PoolConnection.query (D:\wx_demo\server\node_modules\mysql\lib\Connection.js:200:25)
    at D:\wx_demo\server\app.js:82:12
    at Ping.onOperationComplete (D:\wx_demo\server\node_modules\mysql\lib\Pool.js:110:5)
    at Ping.<anonymous> (D:\wx_demo\server\node_modules\mysql\lib\Connection.js:502:10)
    at Ping._callback (D:\wx_demo\server\node_modules\mysql\lib\Connection.js:468:16)
    at Ping.Sequence.end (D:\wx_demo\server\node_modules\mysql\lib\protocol\sequences\Sequence.js:83:24)
    at Ping.Sequence.OkPacket (D:\wx_demo\server\node_modules\mysql\lib\protocol\sequences\Sequence.js:92:8)
    at Protocol._parsePacket (D:\wx_demo\server\node_modules\mysql\lib\protocol\Protocol.js:278:23)
    at Parser.write (D:\wx_demo\server\node_modules\mysql\lib\protocol\Parser.js:76:12)
    at Protocol.write (D:\wx_demo\server\node_modules\mysql\lib\protocol\Protocol.js:38:16)
    at Socket.<anonymous> (D:\wx_demo\server\node_modules\mysql\lib\Connection.js:91:28)
    at Socket.<anonymous> (D:\wx_demo\server\node_modules\mysql\lib\Connection.js:502:10)
    at emitOne (events.js:116:13)
    at Socket.emit (events.js:211:7)
    at addChunk (_stream_readable.js:263:12)
    at readableAddChunk (_stream_readable.js:250:11)
    at Socket.Readable.push (_stream_readable.js:208:10)
    at TCP.onread (net.js:601:20)
  code: 'ER_NO_REFERENCED_ROW_2',
  errno: 1452,
  sqlMessage: 'Cannot add or update a child row: a foreign key constraint fails (`wx_signin`.`annual_draw`, CONSTRAINT `annual_draw_ibfk_1` FOREIGN KEY (`prize_id`) REFERENCES `prize_manage` (`id`) ON DELETE CASCADE ON UPDATE CASCADE)',
  sqlState: '23000',
  index: 0,
  sql: 'INSERT INTO annual_draw(prize_id) VALUE("35")' }
[2018-11-16T11:10:14.606] [INFO] log_file - { Error: ER_NO_REFERENCED_ROW_2: Cannot add or update a child row: a foreign key constraint fails (`wx_signin`.`annual_draw`, CONSTRAINT `annual_draw_ibfk_1` FOREIGN KEY (`prize_id`) REFERENCES `prize_manage` (`id`) ON DELETE CASCADE ON UPDATE CASCADE)
    at Query.Sequence._packetToError (D:\wx_demo\server\node_modules\mysql\lib\protocol\sequences\Sequence.js:47:14)
    at Query.ErrorPacket (D:\wx_demo\server\node_modules\mysql\lib\protocol\sequences\Query.js:77:18)
    at Protocol._parsePacket (D:\wx_demo\server\node_modules\mysql\lib\protocol\Protocol.js:278:23)
    at Parser.write (D:\wx_demo\server\node_modules\mysql\lib\protocol\Parser.js:76:12)
    at Protocol.write (D:\wx_demo\server\node_modules\mysql\lib\protocol\Protocol.js:38:16)
    at Socket.<anonymous> (D:\wx_demo\server\node_modules\mysql\lib\Connection.js:91:28)
    at Socket.<anonymous> (D:\wx_demo\server\node_modules\mysql\lib\Connection.js:502:10)
    at emitOne (events.js:116:13)
    at Socket.emit (events.js:211:7)
    at addChunk (_stream_readable.js:263:12)
    at readableAddChunk (_stream_readable.js:250:11)
    at Socket.Readable.push (_stream_readable.js:208:10)
    at TCP.onread (net.js:601:20)
    --------------------
    at Protocol._enqueue (D:\wx_demo\server\node_modules\mysql\lib\protocol\Protocol.js:144:48)
    at PoolConnection.query (D:\wx_demo\server\node_modules\mysql\lib\Connection.js:200:25)
    at D:\wx_demo\server\app.js:82:12
    at Ping.onOperationComplete (D:\wx_demo\server\node_modules\mysql\lib\Pool.js:110:5)
    at Ping.<anonymous> (D:\wx_demo\server\node_modules\mysql\lib\Connection.js:502:10)
    at Ping._callback (D:\wx_demo\server\node_modules\mysql\lib\Connection.js:468:16)
    at Ping.Sequence.end (D:\wx_demo\server\node_modules\mysql\lib\protocol\sequences\Sequence.js:83:24)
    at Ping.Sequence.OkPacket (D:\wx_demo\server\node_modules\mysql\lib\protocol\sequences\Sequence.js:92:8)
    at Protocol._parsePacket (D:\wx_demo\server\node_modules\mysql\lib\protocol\Protocol.js:278:23)
    at Parser.write (D:\wx_demo\server\node_modules\mysql\lib\protocol\Parser.js:76:12)
    at Protocol.write (D:\wx_demo\server\node_modules\mysql\lib\protocol\Protocol.js:38:16)
    at Socket.<anonymous> (D:\wx_demo\server\node_modules\mysql\lib\Connection.js:91:28)
    at Socket.<anonymous> (D:\wx_demo\server\node_modules\mysql\lib\Connection.js:502:10)
    at emitOne (events.js:116:13)
    at Socket.emit (events.js:211:7)
    at addChunk (_stream_readable.js:263:12)
    at readableAddChunk (_stream_readable.js:250:11)
    at Socket.Readable.push (_stream_readable.js:208:10)
    at TCP.onread (net.js:601:20)
  code: 'ER_NO_REFERENCED_ROW_2',
  errno: 1452,
  sqlMessage: 'Cannot add or update a child row: a foreign key constraint fails (`wx_signin`.`annual_draw`, CONSTRAINT `annual_draw_ibfk_1` FOREIGN KEY (`prize_id`) REFERENCES `prize_manage` (`id`) ON DELETE CASCADE ON UPDATE CASCADE)',
  sqlState: '23000',
  index: 0,
  sql: 'INSERT INTO annual_draw(prize_id) VALUE("36")' }
[2018-11-16T16:28:43.913] [INFO] log_file - { Error: ER_BAD_FIELD_ERROR: Unknown column 'prize_id' in 'where clause'
    at Query.Sequence._packetToError (D:\wx_demo\server\node_modules\mysql\lib\protocol\sequences\Sequence.js:47:14)
    at Query.ErrorPacket (D:\wx_demo\server\node_modules\mysql\lib\protocol\sequences\Query.js:77:18)
    at Protocol._parsePacket (D:\wx_demo\server\node_modules\mysql\lib\protocol\Protocol.js:278:23)
    at Parser.write (D:\wx_demo\server\node_modules\mysql\lib\protocol\Parser.js:76:12)
    at Protocol.write (D:\wx_demo\server\node_modules\mysql\lib\protocol\Protocol.js:38:16)
    at Socket.<anonymous> (D:\wx_demo\server\node_modules\mysql\lib\Connection.js:91:28)
    at Socket.<anonymous> (D:\wx_demo\server\node_modules\mysql\lib\Connection.js:502:10)
    at emitOne (events.js:116:13)
    at Socket.emit (events.js:211:7)
    at addChunk (_stream_readable.js:263:12)
    at readableAddChunk (_stream_readable.js:250:11)
    at Socket.Readable.push (_stream_readable.js:208:10)
    at TCP.onread (net.js:601:20)
    --------------------
    at Protocol._enqueue (D:\wx_demo\server\node_modules\mysql\lib\protocol\Protocol.js:144:48)
    at PoolConnection.query (D:\wx_demo\server\node_modules\mysql\lib\Connection.js:200:25)
    at D:\wx_demo\server\app.js:82:12
    at Ping.onOperationComplete (D:\wx_demo\server\node_modules\mysql\lib\Pool.js:110:5)
    at Ping.<anonymous> (D:\wx_demo\server\node_modules\mysql\lib\Connection.js:502:10)
    at Ping._callback (D:\wx_demo\server\node_modules\mysql\lib\Connection.js:468:16)
    at Ping.Sequence.end (D:\wx_demo\server\node_modules\mysql\lib\protocol\sequences\Sequence.js:83:24)
    at Ping.Sequence.OkPacket (D:\wx_demo\server\node_modules\mysql\lib\protocol\sequences\Sequence.js:92:8)
    at Protocol._parsePacket (D:\wx_demo\server\node_modules\mysql\lib\protocol\Protocol.js:278:23)
    at Parser.write (D:\wx_demo\server\node_modules\mysql\lib\protocol\Parser.js:76:12)
    at Protocol.write (D:\wx_demo\server\node_modules\mysql\lib\protocol\Protocol.js:38:16)
    at Socket.<anonymous> (D:\wx_demo\server\node_modules\mysql\lib\Connection.js:91:28)
    at Socket.<anonymous> (D:\wx_demo\server\node_modules\mysql\lib\Connection.js:502:10)
    at emitOne (events.js:116:13)
    at Socket.emit (events.js:211:7)
    at addChunk (_stream_readable.js:263:12)
    at readableAddChunk (_stream_readable.js:250:11)
    at Socket.Readable.push (_stream_readable.js:208:10)
    at TCP.onread (net.js:601:20)
  code: 'ER_BAD_FIELD_ERROR',
  errno: 1054,
  sqlMessage: 'Unknown column \'prize_id\' in \'where clause\'',
  sqlState: '42S22',
  index: 0,
  sql: 'UPDATE annual_prize SET open_id = "function (result){\r\n            res.send(result)\r\n        }" WHERE prize_id = "undefined"' }
[2018-11-16T16:29:26.010] [INFO] log_file - { Error: ER_BAD_FIELD_ERROR: Unknown column 'prize_id' in 'where clause'
    at Query.Sequence._packetToError (D:\wx_demo\server\node_modules\mysql\lib\protocol\sequences\Sequence.js:47:14)
    at Query.ErrorPacket (D:\wx_demo\server\node_modules\mysql\lib\protocol\sequences\Query.js:77:18)
    at Protocol._parsePacket (D:\wx_demo\server\node_modules\mysql\lib\protocol\Protocol.js:278:23)
    at Parser.write (D:\wx_demo\server\node_modules\mysql\lib\protocol\Parser.js:76:12)
    at Protocol.write (D:\wx_demo\server\node_modules\mysql\lib\protocol\Protocol.js:38:16)
    at Socket.<anonymous> (D:\wx_demo\server\node_modules\mysql\lib\Connection.js:91:28)
    at Socket.<anonymous> (D:\wx_demo\server\node_modules\mysql\lib\Connection.js:502:10)
    at emitOne (events.js:116:13)
    at Socket.emit (events.js:211:7)
    at addChunk (_stream_readable.js:263:12)
    at readableAddChunk (_stream_readable.js:250:11)
    at Socket.Readable.push (_stream_readable.js:208:10)
    at TCP.onread (net.js:601:20)
    --------------------
    at Protocol._enqueue (D:\wx_demo\server\node_modules\mysql\lib\protocol\Protocol.js:144:48)
    at PoolConnection.query (D:\wx_demo\server\node_modules\mysql\lib\Connection.js:200:25)
    at D:\wx_demo\server\app.js:82:12
    at Ping.onOperationComplete (D:\wx_demo\server\node_modules\mysql\lib\Pool.js:110:5)
    at Ping.<anonymous> (D:\wx_demo\server\node_modules\mysql\lib\Connection.js:502:10)
    at Ping._callback (D:\wx_demo\server\node_modules\mysql\lib\Connection.js:468:16)
    at Ping.Sequence.end (D:\wx_demo\server\node_modules\mysql\lib\protocol\sequences\Sequence.js:83:24)
    at Ping.Sequence.OkPacket (D:\wx_demo\server\node_modules\mysql\lib\protocol\sequences\Sequence.js:92:8)
    at Protocol._parsePacket (D:\wx_demo\server\node_modules\mysql\lib\protocol\Protocol.js:278:23)
    at Parser.write (D:\wx_demo\server\node_modules\mysql\lib\protocol\Parser.js:76:12)
    at Protocol.write (D:\wx_demo\server\node_modules\mysql\lib\protocol\Protocol.js:38:16)
    at Socket.<anonymous> (D:\wx_demo\server\node_modules\mysql\lib\Connection.js:91:28)
    at Socket.<anonymous> (D:\wx_demo\server\node_modules\mysql\lib\Connection.js:502:10)
    at emitOne (events.js:116:13)
    at Socket.emit (events.js:211:7)
    at addChunk (_stream_readable.js:263:12)
    at readableAddChunk (_stream_readable.js:250:11)
    at Socket.Readable.push (_stream_readable.js:208:10)
    at TCP.onread (net.js:601:20)
  code: 'ER_BAD_FIELD_ERROR',
  errno: 1054,
  sqlMessage: 'Unknown column \'prize_id\' in \'where clause\'',
  sqlState: '42S22',
  index: 0,
  sql: 'UPDATE annual_prize SET open_id = "function (result){\r\n            res.send(result)\r\n        }" WHERE prize_id = "undefined"' }
[2018-11-16T16:29:40.510] [INFO] log_file - { Error: ER_BAD_FIELD_ERROR: Unknown column 'prize_id' in 'where clause'
    at Query.Sequence._packetToError (D:\wx_demo\server\node_modules\mysql\lib\protocol\sequences\Sequence.js:47:14)
    at Query.ErrorPacket (D:\wx_demo\server\node_modules\mysql\lib\protocol\sequences\Query.js:77:18)
    at Protocol._parsePacket (D:\wx_demo\server\node_modules\mysql\lib\protocol\Protocol.js:278:23)
    at Parser.write (D:\wx_demo\server\node_modules\mysql\lib\protocol\Parser.js:76:12)
    at Protocol.write (D:\wx_demo\server\node_modules\mysql\lib\protocol\Protocol.js:38:16)
    at Socket.<anonymous> (D:\wx_demo\server\node_modules\mysql\lib\Connection.js:91:28)
    at Socket.<anonymous> (D:\wx_demo\server\node_modules\mysql\lib\Connection.js:502:10)
    at emitOne (events.js:116:13)
    at Socket.emit (events.js:211:7)
    at addChunk (_stream_readable.js:263:12)
    at readableAddChunk (_stream_readable.js:250:11)
    at Socket.Readable.push (_stream_readable.js:208:10)
    at TCP.onread (net.js:601:20)
    --------------------
    at Protocol._enqueue (D:\wx_demo\server\node_modules\mysql\lib\protocol\Protocol.js:144:48)
    at PoolConnection.query (D:\wx_demo\server\node_modules\mysql\lib\Connection.js:200:25)
    at D:\wx_demo\server\app.js:82:12
    at Ping.onOperationComplete (D:\wx_demo\server\node_modules\mysql\lib\Pool.js:110:5)
    at Ping.<anonymous> (D:\wx_demo\server\node_modules\mysql\lib\Connection.js:502:10)
    at Ping._callback (D:\wx_demo\server\node_modules\mysql\lib\Connection.js:468:16)
    at Ping.Sequence.end (D:\wx_demo\server\node_modules\mysql\lib\protocol\sequences\Sequence.js:83:24)
    at Ping.Sequence.OkPacket (D:\wx_demo\server\node_modules\mysql\lib\protocol\sequences\Sequence.js:92:8)
    at Protocol._parsePacket (D:\wx_demo\server\node_modules\mysql\lib\protocol\Protocol.js:278:23)
    at Parser.write (D:\wx_demo\server\node_modules\mysql\lib\protocol\Parser.js:76:12)
    at Protocol.write (D:\wx_demo\server\node_modules\mysql\lib\protocol\Protocol.js:38:16)
    at Socket.<anonymous> (D:\wx_demo\server\node_modules\mysql\lib\Connection.js:91:28)
    at Socket.<anonymous> (D:\wx_demo\server\node_modules\mysql\lib\Connection.js:502:10)
    at emitOne (events.js:116:13)
    at Socket.emit (events.js:211:7)
    at addChunk (_stream_readable.js:263:12)
    at readableAddChunk (_stream_readable.js:250:11)
    at Socket.Readable.push (_stream_readable.js:208:10)
    at TCP.onread (net.js:601:20)
  code: 'ER_BAD_FIELD_ERROR',
  errno: 1054,
  sqlMessage: 'Unknown column \'prize_id\' in \'where clause\'',
  sqlState: '42S22',
  index: 0,
  sql: 'UPDATE annual_prize SET open_id = "function (result){\r\n            res.send(result)\r\n        }" WHERE prize_id = "undefined"' }
[2018-11-16T16:30:11.957] [INFO] log_file - { Error: ER_BAD_FIELD_ERROR: Unknown column 'prize_id' in 'where clause'
    at Query.Sequence._packetToError (D:\wx_demo\server\node_modules\mysql\lib\protocol\sequences\Sequence.js:47:14)
    at Query.ErrorPacket (D:\wx_demo\server\node_modules\mysql\lib\protocol\sequences\Query.js:77:18)
    at Protocol._parsePacket (D:\wx_demo\server\node_modules\mysql\lib\protocol\Protocol.js:278:23)
    at Parser.write (D:\wx_demo\server\node_modules\mysql\lib\protocol\Parser.js:76:12)
    at Protocol.write (D:\wx_demo\server\node_modules\mysql\lib\protocol\Protocol.js:38:16)
    at Socket.<anonymous> (D:\wx_demo\server\node_modules\mysql\lib\Connection.js:91:28)
    at Socket.<anonymous> (D:\wx_demo\server\node_modules\mysql\lib\Connection.js:502:10)
    at emitOne (events.js:116:13)
    at Socket.emit (events.js:211:7)
    at addChunk (_stream_readable.js:263:12)
    at readableAddChunk (_stream_readable.js:250:11)
    at Socket.Readable.push (_stream_readable.js:208:10)
    at TCP.onread (net.js:601:20)
    --------------------
    at Protocol._enqueue (D:\wx_demo\server\node_modules\mysql\lib\protocol\Protocol.js:144:48)
    at PoolConnection.query (D:\wx_demo\server\node_modules\mysql\lib\Connection.js:200:25)
    at D:\wx_demo\server\app.js:82:12
    at Ping.onOperationComplete (D:\wx_demo\server\node_modules\mysql\lib\Pool.js:110:5)
    at Ping.<anonymous> (D:\wx_demo\server\node_modules\mysql\lib\Connection.js:502:10)
    at Ping._callback (D:\wx_demo\server\node_modules\mysql\lib\Connection.js:468:16)
    at Ping.Sequence.end (D:\wx_demo\server\node_modules\mysql\lib\protocol\sequences\Sequence.js:83:24)
    at Ping.Sequence.OkPacket (D:\wx_demo\server\node_modules\mysql\lib\protocol\sequences\Sequence.js:92:8)
    at Protocol._parsePacket (D:\wx_demo\server\node_modules\mysql\lib\protocol\Protocol.js:278:23)
    at Parser.write (D:\wx_demo\server\node_modules\mysql\lib\protocol\Parser.js:76:12)
    at Protocol.write (D:\wx_demo\server\node_modules\mysql\lib\protocol\Protocol.js:38:16)
    at Socket.<anonymous> (D:\wx_demo\server\node_modules\mysql\lib\Connection.js:91:28)
    at Socket.<anonymous> (D:\wx_demo\server\node_modules\mysql\lib\Connection.js:502:10)
    at emitOne (events.js:116:13)
    at Socket.emit (events.js:211:7)
    at addChunk (_stream_readable.js:263:12)
    at readableAddChunk (_stream_readable.js:250:11)
    at Socket.Readable.push (_stream_readable.js:208:10)
    at TCP.onread (net.js:601:20)
  code: 'ER_BAD_FIELD_ERROR',
  errno: 1054,
  sqlMessage: 'Unknown column \'prize_id\' in \'where clause\'',
  sqlState: '42S22',
  index: 0,
  sql: 'UPDATE annual_prize SET open_id = "function (result){\r\n            res.send(result)\r\n        }" WHERE prize_id = "undefined"' }
[2018-11-16T16:31:45.216] [INFO] log_file - { Error: ER_BAD_FIELD_ERROR: Unknown column 'prize_id' in 'where clause'
    at Query.Sequence._packetToError (D:\wx_demo\server\node_modules\mysql\lib\protocol\sequences\Sequence.js:47:14)
    at Query.ErrorPacket (D:\wx_demo\server\node_modules\mysql\lib\protocol\sequences\Query.js:77:18)
    at Protocol._parsePacket (D:\wx_demo\server\node_modules\mysql\lib\protocol\Protocol.js:278:23)
    at Parser.write (D:\wx_demo\server\node_modules\mysql\lib\protocol\Parser.js:76:12)
    at Protocol.write (D:\wx_demo\server\node_modules\mysql\lib\protocol\Protocol.js:38:16)
    at Socket.<anonymous> (D:\wx_demo\server\node_modules\mysql\lib\Connection.js:91:28)
    at Socket.<anonymous> (D:\wx_demo\server\node_modules\mysql\lib\Connection.js:502:10)
    at emitOne (events.js:116:13)
    at Socket.emit (events.js:211:7)
    at addChunk (_stream_readable.js:263:12)
    at readableAddChunk (_stream_readable.js:250:11)
    at Socket.Readable.push (_stream_readable.js:208:10)
    at TCP.onread (net.js:601:20)
    --------------------
    at Protocol._enqueue (D:\wx_demo\server\node_modules\mysql\lib\protocol\Protocol.js:144:48)
    at PoolConnection.query (D:\wx_demo\server\node_modules\mysql\lib\Connection.js:200:25)
    at D:\wx_demo\server\app.js:82:12
    at Ping.onOperationComplete (D:\wx_demo\server\node_modules\mysql\lib\Pool.js:110:5)
    at Ping.<anonymous> (D:\wx_demo\server\node_modules\mysql\lib\Connection.js:502:10)
    at Ping._callback (D:\wx_demo\server\node_modules\mysql\lib\Connection.js:468:16)
    at Ping.Sequence.end (D:\wx_demo\server\node_modules\mysql\lib\protocol\sequences\Sequence.js:83:24)
    at Ping.Sequence.OkPacket (D:\wx_demo\server\node_modules\mysql\lib\protocol\sequences\Sequence.js:92:8)
    at Protocol._parsePacket (D:\wx_demo\server\node_modules\mysql\lib\protocol\Protocol.js:278:23)
    at Parser.write (D:\wx_demo\server\node_modules\mysql\lib\protocol\Parser.js:76:12)
    at Protocol.write (D:\wx_demo\server\node_modules\mysql\lib\protocol\Protocol.js:38:16)
    at Socket.<anonymous> (D:\wx_demo\server\node_modules\mysql\lib\Connection.js:91:28)
    at Socket.<anonymous> (D:\wx_demo\server\node_modules\mysql\lib\Connection.js:502:10)
    at emitOne (events.js:116:13)
    at Socket.emit (events.js:211:7)
    at addChunk (_stream_readable.js:263:12)
    at readableAddChunk (_stream_readable.js:250:11)
    at Socket.Readable.push (_stream_readable.js:208:10)
    at TCP.onread (net.js:601:20)
  code: 'ER_BAD_FIELD_ERROR',
  errno: 1054,
  sqlMessage: 'Unknown column \'prize_id\' in \'where clause\'',
  sqlState: '42S22',
  index: 0,
  sql: 'UPDATE annual_prize SET open_id = "function (result){\r\n            res.send(result1)\r\n        }" WHERE prize_id = "undefined"' }
